2020-06-21 13:46:17,937| INFO  
Application started. Press Ctrl+C to shut down.
--------------------------------
2020-06-21 13:46:17,952| INFO  
Hosting environment: Development
--------------------------------
2020-06-21 13:46:17,959| INFO  
Content root path: D:\软件\OkeyManage\OkeyManage
--------------------------------
2020-06-21 13:50:48,836| INFO  
Application started. Press Ctrl+C to shut down.
--------------------------------
2020-06-21 13:50:48,880| INFO  
Hosting environment: Development
--------------------------------
2020-06-21 13:50:48,882| INFO  
Content root path: D:\软件\OkeyManage\OkeyManage
--------------------------------
2020-06-21 13:54:40,133| INFO  
Application started. Press Ctrl+C to shut down.
--------------------------------
2020-06-21 13:54:40,189| INFO  
Hosting environment: Development
--------------------------------
2020-06-21 13:54:40,196| INFO  
Content root path: D:\软件\OkeyManage\OkeyManage
--------------------------------
2020-06-21 14:00:48,692| INFO  
Application started. Press Ctrl+C to shut down.
--------------------------------
2020-06-21 14:00:48,711| INFO  
Hosting environment: Development
--------------------------------
2020-06-21 14:00:48,715| INFO  
Content root path: D:\软件\OkeyManage\OkeyManage
--------------------------------
2020-06-21 14:02:11,758| INFO  
Application started. Press Ctrl+C to shut down.
--------------------------------
2020-06-21 14:02:11,903| INFO  
Hosting environment: Development
--------------------------------
2020-06-21 14:02:11,925| INFO  
Content root path: D:\软件\OkeyManage\OkeyManage
--------------------------------
2020-06-21 14:06:15,333| INFO  
Application started. Press Ctrl+C to shut down.
--------------------------------
2020-06-21 14:06:15,351| INFO  
Hosting environment: Development
--------------------------------
2020-06-21 14:06:15,354| INFO  
Content root path: D:\软件\OkeyManage\OkeyManage
--------------------------------
2020-06-21 14:11:42,895| INFO  
Application started. Press Ctrl+C to shut down.
--------------------------------
2020-06-21 14:11:42,913| INFO  
Hosting environment: Development
--------------------------------
2020-06-21 14:11:42,915| INFO  
Content root path: D:\软件\OkeyManage\OkeyManage
--------------------------------
2020-06-21 14:14:52,730| INFO  
Application started. Press Ctrl+C to shut down.
--------------------------------
2020-06-21 14:14:52,762| INFO  
Hosting environment: Development
--------------------------------
2020-06-21 14:14:52,765| INFO  
Content root path: D:\软件\OkeyManage\OkeyManage
--------------------------------
2020-06-21 14:39:11,401| INFO  
Application started. Press Ctrl+C to shut down.
--------------------------------
2020-06-21 14:39:11,412| INFO  
Hosting environment: Development
--------------------------------
2020-06-21 14:39:11,415| INFO  
Content root path: D:\软件\OkeyManage\OkeyManage
--------------------------------
2020-06-21 14:42:38,216| INFO  
Application started. Press Ctrl+C to shut down.
--------------------------------
2020-06-21 14:42:38,233| INFO  
Hosting environment: Development
--------------------------------
2020-06-21 14:42:38,236| INFO  
Content root path: D:\软件\OkeyManage\OkeyManage
--------------------------------
2020-06-21 15:01:03,404| INFO  
Application started. Press Ctrl+C to shut down.
--------------------------------
2020-06-21 15:01:03,468| INFO  
Hosting environment: Development
--------------------------------
2020-06-21 15:01:03,480| INFO  
Content root path: D:\软件\OkeyManage\OkeyManage
--------------------------------
2020-06-21 15:01:35,060| INFO  
Application started. Press Ctrl+C to shut down.
--------------------------------
2020-06-21 15:01:35,093| INFO  
Hosting environment: Development
--------------------------------
2020-06-21 15:01:35,103| INFO  
Content root path: D:\软件\OkeyManage\OkeyManage
--------------------------------
2020-06-21 15:03:37,029| INFO  
Application started. Press Ctrl+C to shut down.
--------------------------------
2020-06-21 15:03:37,051| INFO  
Hosting environment: Development
--------------------------------
2020-06-21 15:03:37,053| INFO  
Content root path: D:\软件\OkeyManage\OkeyManage
--------------------------------
2020-06-21 15:06:10,440| INFO  
Application started. Press Ctrl+C to shut down.
--------------------------------
2020-06-21 15:06:10,472| INFO  
Hosting environment: Development
--------------------------------
2020-06-21 15:06:10,476| INFO  
Content root path: D:\软件\OkeyManage\OkeyManage
--------------------------------
2020-06-21 15:19:34,643| INFO  
Application started. Press Ctrl+C to shut down.
--------------------------------
2020-06-21 15:19:34,658| INFO  
Hosting environment: Development
--------------------------------
2020-06-21 15:19:34,665| INFO  
Content root path: D:\软件\OkeyManage\OkeyManage
--------------------------------
2020-06-21 15:20:26,581| INFO  
Application started. Press Ctrl+C to shut down.
--------------------------------
2020-06-21 15:20:26,640| INFO  
Hosting environment: Development
--------------------------------
2020-06-21 15:20:26,708| INFO  
Content root path: D:\软件\OkeyManage\OkeyManage
--------------------------------
