2020-06-19 09:39:00,860| INFO  
Application started. Press Ctrl+C to shut down.
--------------------------------
2020-06-19 09:39:00,923| INFO  
Hosting environment: Development
--------------------------------
2020-06-19 09:39:00,926| INFO  
Content root path: D:\软件\OkeyManage\OkeyManage
--------------------------------
2020-06-19 09:40:52,413| INFO  
Application started. Press Ctrl+C to shut down.
--------------------------------
2020-06-19 09:40:52,430| INFO  
Hosting environment: Development
--------------------------------
2020-06-19 09:40:52,446| INFO  
Content root path: D:\软件\OkeyManage\OkeyManage
--------------------------------
2020-06-19 09:42:58,968| INFO  
Application started. Press Ctrl+C to shut down.
--------------------------------
2020-06-19 09:42:58,992| INFO  
Hosting environment: Development
--------------------------------
2020-06-19 09:42:58,995| INFO  
Content root path: D:\软件\OkeyManage\OkeyManage
--------------------------------
2020-06-19 09:54:02,180| INFO  
Application started. Press Ctrl+C to shut down.
--------------------------------
2020-06-19 09:54:02,313| INFO  
Hosting environment: Development
--------------------------------
2020-06-19 09:54:02,326| INFO  
Content root path: D:\软件\OkeyManage\OkeyManage
--------------------------------
2020-06-19 09:54:52,126| INFO  
Application started. Press Ctrl+C to shut down.
--------------------------------
2020-06-19 09:54:52,149| INFO  
Hosting environment: Development
--------------------------------
2020-06-19 09:54:52,155| INFO  
Content root path: D:\软件\OkeyManage\OkeyManage
--------------------------------
2020-06-19 09:58:02,942| INFO  
Application started. Press Ctrl+C to shut down.
--------------------------------
2020-06-19 09:58:02,967| INFO  
Hosting environment: Development
--------------------------------
2020-06-19 09:58:02,978| INFO  
Content root path: D:\软件\OkeyManage\OkeyManage
--------------------------------
2020-06-19 10:03:03,664| INFO  
Application started. Press Ctrl+C to shut down.
--------------------------------
2020-06-19 10:03:03,682| INFO  
Hosting environment: Development
--------------------------------
2020-06-19 10:03:03,685| INFO  
Content root path: D:\软件\OkeyManage\OkeyManage
--------------------------------
2020-06-19 10:06:13,240| INFO  
Application started. Press Ctrl+C to shut down.
--------------------------------
2020-06-19 10:06:13,268| INFO  
Hosting environment: Development
--------------------------------
2020-06-19 10:06:13,270| INFO  
Content root path: D:\软件\OkeyManage\OkeyManage
--------------------------------
2020-06-19 10:08:32,671| INFO  
Application started. Press Ctrl+C to shut down.
--------------------------------
2020-06-19 10:08:32,697| INFO  
Hosting environment: Development
--------------------------------
2020-06-19 10:08:32,707| INFO  
Content root path: D:\软件\OkeyManage\OkeyManage
--------------------------------
2020-06-19 10:11:55,505| INFO  
Application started. Press Ctrl+C to shut down.
--------------------------------
2020-06-19 10:11:55,557| INFO  
Hosting environment: Development
--------------------------------
2020-06-19 10:11:55,598| INFO  
Content root path: D:\软件\OkeyManage\OkeyManage
--------------------------------
2020-06-19 10:16:13,675| INFO  
Application started. Press Ctrl+C to shut down.
--------------------------------
2020-06-19 10:16:13,695| INFO  
Hosting environment: Development
--------------------------------
2020-06-19 10:16:13,704| INFO  
Content root path: D:\软件\OkeyManage\OkeyManage
--------------------------------
2020-06-19 10:18:43,785| INFO  
Application started. Press Ctrl+C to shut down.
--------------------------------
2020-06-19 10:18:43,810| INFO  
Hosting environment: Development
--------------------------------
2020-06-19 10:18:43,812| INFO  
Content root path: D:\软件\OkeyManage\OkeyManage
--------------------------------
2020-06-19 10:20:42,503| INFO  
Application started. Press Ctrl+C to shut down.
--------------------------------
2020-06-19 10:20:42,609| INFO  
Hosting environment: Development
--------------------------------
2020-06-19 10:20:42,615| INFO  
Content root path: D:\软件\OkeyManage\OkeyManage
--------------------------------
2020-06-19 10:24:54,234| INFO  
Application started. Press Ctrl+C to shut down.
--------------------------------
2020-06-19 10:24:54,294| INFO  
Hosting environment: Development
--------------------------------
2020-06-19 10:24:54,353| INFO  
Content root path: D:\软件\OkeyManage\OkeyManage
--------------------------------
2020-06-19 10:29:13,559| INFO  
Application started. Press Ctrl+C to shut down.
--------------------------------
2020-06-19 10:29:13,666| INFO  
Hosting environment: Development
--------------------------------
2020-06-19 10:29:13,689| INFO  
Content root path: D:\软件\OkeyManage\OkeyManage
--------------------------------
2020-06-19 10:32:53,382| INFO  
Application started. Press Ctrl+C to shut down.
--------------------------------
2020-06-19 10:32:53,400| INFO  
Hosting environment: Development
--------------------------------
2020-06-19 10:32:53,408| INFO  
Content root path: D:\软件\OkeyManage\OkeyManage
--------------------------------
2020-06-19 10:35:38,141| INFO  
Application started. Press Ctrl+C to shut down.
--------------------------------
2020-06-19 10:35:38,201| INFO  
Hosting environment: Development
--------------------------------
2020-06-19 10:35:38,204| INFO  
Content root path: D:\软件\OkeyManage\OkeyManage
--------------------------------
2020-06-19 10:41:39,925| INFO  
Application started. Press Ctrl+C to shut down.
--------------------------------
2020-06-19 10:41:39,953| INFO  
Hosting environment: Development
--------------------------------
2020-06-19 10:41:39,964| INFO  
Content root path: D:\软件\OkeyManage\OkeyManage
--------------------------------
2020-06-19 11:08:06,352| INFO  
Application started. Press Ctrl+C to shut down.
--------------------------------
2020-06-19 11:08:06,388| INFO  
Hosting environment: Development
--------------------------------
2020-06-19 11:08:06,391| INFO  
Content root path: D:\软件\OkeyManage\OkeyManage
--------------------------------
2020-06-19 11:10:00,995| INFO  
Application started. Press Ctrl+C to shut down.
--------------------------------
2020-06-19 11:10:01,013| INFO  
Hosting environment: Development
--------------------------------
2020-06-19 11:10:01,029| INFO  
Content root path: D:\软件\OkeyManage\OkeyManage
--------------------------------
2020-06-19 11:13:04,335| INFO  
Application started. Press Ctrl+C to shut down.
--------------------------------
2020-06-19 11:13:04,354| INFO  
Hosting environment: Development
--------------------------------
2020-06-19 11:13:04,356| INFO  
Content root path: D:\软件\OkeyManage\OkeyManage
--------------------------------
2020-06-19 11:14:45,980| INFO  
Application started. Press Ctrl+C to shut down.
--------------------------------
2020-06-19 11:14:46,010| INFO  
Hosting environment: Development
--------------------------------
2020-06-19 11:14:46,012| INFO  
Content root path: D:\软件\OkeyManage\OkeyManage
--------------------------------
2020-06-19 11:17:11,693| INFO  
Application started. Press Ctrl+C to shut down.
--------------------------------
2020-06-19 11:17:11,736| INFO  
Hosting environment: Development
--------------------------------
2020-06-19 11:17:11,738| INFO  
Content root path: D:\软件\OkeyManage\OkeyManage
--------------------------------
2020-06-19 11:18:34,002| INFO  
Application started. Press Ctrl+C to shut down.
--------------------------------
2020-06-19 11:18:34,030| INFO  
Hosting environment: Development
--------------------------------
2020-06-19 11:18:34,032| INFO  
Content root path: D:\软件\OkeyManage\OkeyManage
--------------------------------
2020-06-19 11:20:22,790| INFO  
Application started. Press Ctrl+C to shut down.
--------------------------------
2020-06-19 11:20:22,861| INFO  
Hosting environment: Development
--------------------------------
2020-06-19 11:20:22,887| INFO  
Content root path: D:\软件\OkeyManage\OkeyManage
--------------------------------
2020-06-19 11:21:38,775| INFO  
Application started. Press Ctrl+C to shut down.
--------------------------------
2020-06-19 11:21:38,791| INFO  
Hosting environment: Development
--------------------------------
2020-06-19 11:21:38,804| INFO  
Content root path: D:\软件\OkeyManage\OkeyManage
--------------------------------
2020-06-19 11:22:50,151| INFO  
Application started. Press Ctrl+C to shut down.
--------------------------------
2020-06-19 11:22:50,173| INFO  
Hosting environment: Development
--------------------------------
2020-06-19 11:22:50,175| INFO  
Content root path: D:\软件\OkeyManage\OkeyManage
--------------------------------
2020-06-19 11:23:36,083| INFO  
Application started. Press Ctrl+C to shut down.
--------------------------------
2020-06-19 11:23:36,099| INFO  
Hosting environment: Development
--------------------------------
2020-06-19 11:23:36,109| INFO  
Content root path: D:\软件\OkeyManage\OkeyManage
--------------------------------
2020-06-19 11:24:27,213| INFO  
Application started. Press Ctrl+C to shut down.
--------------------------------
2020-06-19 11:24:27,236| INFO  
Hosting environment: Development
--------------------------------
2020-06-19 11:24:27,238| INFO  
Content root path: D:\软件\OkeyManage\OkeyManage
--------------------------------
2020-06-19 14:14:41,703| INFO  
Application started. Press Ctrl+C to shut down.
--------------------------------
2020-06-19 14:14:41,733| INFO  
Hosting environment: Development
--------------------------------
2020-06-19 14:14:41,735| INFO  
Content root path: D:\软件\OkeyManage\OkeyManage
--------------------------------
2020-06-19 14:18:26,581| INFO  
Application started. Press Ctrl+C to shut down.
--------------------------------
2020-06-19 14:18:26,642| INFO  
Hosting environment: Development
--------------------------------
2020-06-19 14:18:26,657| INFO  
Content root path: D:\软件\OkeyManage\OkeyManage
--------------------------------
2020-06-19 14:19:48,273| INFO  
Application started. Press Ctrl+C to shut down.
--------------------------------
2020-06-19 14:19:48,324| INFO  
Hosting environment: Development
--------------------------------
2020-06-19 14:19:48,330| INFO  
Content root path: D:\软件\OkeyManage\OkeyManage
--------------------------------
2020-06-19 14:21:36,832| INFO  
Application started. Press Ctrl+C to shut down.
--------------------------------
2020-06-19 14:21:36,849| INFO  
Hosting environment: Development
--------------------------------
2020-06-19 14:21:36,857| INFO  
Content root path: D:\软件\OkeyManage\OkeyManage
--------------------------------
2020-06-19 14:22:22,809| INFO  
Application started. Press Ctrl+C to shut down.
--------------------------------
2020-06-19 14:22:22,840| INFO  
Hosting environment: Development
--------------------------------
2020-06-19 14:22:22,843| INFO  
Content root path: D:\软件\OkeyManage\OkeyManage
--------------------------------
2020-06-19 14:25:25,238| INFO  
Application started. Press Ctrl+C to shut down.
--------------------------------
2020-06-19 14:25:25,258| INFO  
Hosting environment: Development
--------------------------------
2020-06-19 14:25:25,284| INFO  
Content root path: D:\软件\OkeyManage\OkeyManage
--------------------------------
2020-06-19 14:27:17,507| INFO  
Application started. Press Ctrl+C to shut down.
--------------------------------
2020-06-19 14:27:17,524| INFO  
Hosting environment: Development
--------------------------------
2020-06-19 14:27:17,526| INFO  
Content root path: D:\软件\OkeyManage\OkeyManage
--------------------------------
2020-06-19 14:31:22,914| INFO  
Application started. Press Ctrl+C to shut down.
--------------------------------
2020-06-19 14:31:22,932| INFO  
Hosting environment: Development
--------------------------------
2020-06-19 14:31:22,934| INFO  
Content root path: D:\软件\OkeyManage\OkeyManage
--------------------------------
2020-06-19 15:45:50,625| INFO  
Application started. Press Ctrl+C to shut down.
--------------------------------
2020-06-19 15:45:50,642| INFO  
Hosting environment: Development
--------------------------------
2020-06-19 15:45:50,645| INFO  
Content root path: D:\软件\OkeyManage\OkeyManage
--------------------------------
2020-06-19 15:47:33,122| INFO  
Application started. Press Ctrl+C to shut down.
--------------------------------
2020-06-19 15:47:33,163| INFO  
Hosting environment: Development
--------------------------------
2020-06-19 15:47:33,166| INFO  
Content root path: D:\软件\OkeyManage\OkeyManage
--------------------------------
2020-06-19 15:48:17,277| INFO  
Application started. Press Ctrl+C to shut down.
--------------------------------
2020-06-19 15:48:17,295| INFO  
Hosting environment: Development
--------------------------------
2020-06-19 15:48:17,297| INFO  
Content root path: D:\软件\OkeyManage\OkeyManage
--------------------------------
2020-06-19 15:49:07,526| INFO  
Application started. Press Ctrl+C to shut down.
--------------------------------
2020-06-19 15:49:07,561| INFO  
Hosting environment: Development
--------------------------------
2020-06-19 15:49:07,563| INFO  
Content root path: D:\软件\OkeyManage\OkeyManage
--------------------------------
2020-06-19 15:55:25,127| INFO  
Application started. Press Ctrl+C to shut down.
--------------------------------
2020-06-19 15:55:25,145| INFO  
Hosting environment: Development
--------------------------------
2020-06-19 15:55:25,177| INFO  
Content root path: D:\软件\OkeyManage\OkeyManage
--------------------------------
2020-06-19 15:58:08,132| INFO  
Application started. Press Ctrl+C to shut down.
--------------------------------
2020-06-19 15:58:08,146| INFO  
Hosting environment: Development
--------------------------------
2020-06-19 15:58:08,149| INFO  
Content root path: D:\软件\OkeyManage\OkeyManage
--------------------------------
2020-06-19 16:05:27,922| INFO  
Application started. Press Ctrl+C to shut down.
--------------------------------
2020-06-19 16:05:27,946| INFO  
Hosting environment: Development
--------------------------------
2020-06-19 16:05:27,948| INFO  
Content root path: D:\软件\OkeyManage\OkeyManage
--------------------------------
2020-06-19 16:11:03,070| INFO  
Application started. Press Ctrl+C to shut down.
--------------------------------
2020-06-19 16:11:03,090| INFO  
Hosting environment: Development
--------------------------------
2020-06-19 16:11:03,092| INFO  
Content root path: D:\软件\OkeyManage\OkeyManage
--------------------------------
2020-06-19 16:17:14,194| INFO  
Application started. Press Ctrl+C to shut down.
--------------------------------
2020-06-19 16:17:14,216| INFO  
Hosting environment: Development
--------------------------------
2020-06-19 16:17:14,218| INFO  
Content root path: D:\软件\OkeyManage\OkeyManage
--------------------------------
2020-06-19 16:18:53,402| INFO  
Application started. Press Ctrl+C to shut down.
--------------------------------
2020-06-19 16:18:53,417| INFO  
Hosting environment: Development
--------------------------------
2020-06-19 16:18:53,419| INFO  
Content root path: D:\软件\OkeyManage\OkeyManage
--------------------------------
2020-06-19 16:23:43,883| INFO  
Application started. Press Ctrl+C to shut down.
--------------------------------
2020-06-19 16:23:43,900| INFO  
Hosting environment: Development
--------------------------------
2020-06-19 16:23:43,902| INFO  
Content root path: D:\软件\OkeyManage\OkeyManage
--------------------------------
2020-06-19 16:25:59,496| INFO  
Application started. Press Ctrl+C to shut down.
--------------------------------
2020-06-19 16:25:59,516| INFO  
Hosting environment: Development
--------------------------------
2020-06-19 16:25:59,518| INFO  
Content root path: D:\软件\OkeyManage\OkeyManage
--------------------------------
2020-06-19 16:34:33,501| INFO  
Application started. Press Ctrl+C to shut down.
--------------------------------
2020-06-19 16:34:33,514| INFO  
Hosting environment: Development
--------------------------------
2020-06-19 16:34:33,516| INFO  
Content root path: D:\软件\OkeyManage\OkeyManage
--------------------------------
2020-06-19 16:36:36,822| INFO  
Application started. Press Ctrl+C to shut down.
--------------------------------
2020-06-19 16:36:36,841| INFO  
Hosting environment: Development
--------------------------------
2020-06-19 16:36:36,843| INFO  
Content root path: D:\软件\OkeyManage\OkeyManage
--------------------------------
2020-06-19 16:47:06,153| INFO  
Application started. Press Ctrl+C to shut down.
--------------------------------
2020-06-19 16:47:06,249| INFO  
Hosting environment: Development
--------------------------------
2020-06-19 16:47:06,258| INFO  
Content root path: D:\软件\OkeyManage\OkeyManage
--------------------------------
2020-06-19 16:49:13,516| INFO  
Application started. Press Ctrl+C to shut down.
--------------------------------
2020-06-19 16:49:13,543| INFO  
Hosting environment: Development
--------------------------------
2020-06-19 16:49:13,546| INFO  
Content root path: D:\软件\OkeyManage\OkeyManage
--------------------------------
2020-06-19 17:00:25,939| INFO  
Application started. Press Ctrl+C to shut down.
--------------------------------
2020-06-19 17:00:25,954| INFO  
Hosting environment: Development
--------------------------------
2020-06-19 17:00:25,967| INFO  
Content root path: D:\软件\OkeyManage\OkeyManage
--------------------------------
2020-06-19 17:03:32,466| INFO  
Application started. Press Ctrl+C to shut down.
--------------------------------
2020-06-19 17:03:32,495| INFO  
Hosting environment: Development
--------------------------------
2020-06-19 17:03:32,497| INFO  
Content root path: D:\软件\OkeyManage\OkeyManage
--------------------------------
2020-06-19 17:05:42,636| INFO  
Application started. Press Ctrl+C to shut down.
--------------------------------
2020-06-19 17:05:42,655| INFO  
Hosting environment: Development
--------------------------------
2020-06-19 17:05:42,657| INFO  
Content root path: D:\软件\OkeyManage\OkeyManage
--------------------------------
2020-06-19 17:07:41,112| INFO  
Application started. Press Ctrl+C to shut down.
--------------------------------
2020-06-19 17:07:41,124| INFO  
Hosting environment: Development
--------------------------------
2020-06-19 17:07:41,128| INFO  
Content root path: D:\软件\OkeyManage\OkeyManage
--------------------------------
2020-06-19 17:39:18,193| INFO  
Application started. Press Ctrl+C to shut down.
--------------------------------
2020-06-19 17:39:18,227| INFO  
Hosting environment: Development
--------------------------------
2020-06-19 17:39:18,238| INFO  
Content root path: D:\软件\OkeyManage\OkeyManage
--------------------------------
2020-06-19 17:45:45,219| INFO  
Application started. Press Ctrl+C to shut down.
--------------------------------
2020-06-19 17:45:45,233| INFO  
Hosting environment: Development
--------------------------------
2020-06-19 17:45:45,235| INFO  
Content root path: D:\软件\OkeyManage\OkeyManage
--------------------------------
2020-06-19 17:49:19,431| INFO  
Application started. Press Ctrl+C to shut down.
--------------------------------
2020-06-19 17:49:19,445| INFO  
Hosting environment: Development
--------------------------------
2020-06-19 17:49:19,447| INFO  
Content root path: D:\软件\OkeyManage\OkeyManage
--------------------------------
2020-06-19 17:53:32,694| INFO  
Application started. Press Ctrl+C to shut down.
--------------------------------
2020-06-19 17:53:32,709| INFO  
Hosting environment: Development
--------------------------------
2020-06-19 17:53:32,711| INFO  
Content root path: D:\软件\OkeyManage\OkeyManage
--------------------------------
2020-06-19 17:55:57,756| INFO  
Application started. Press Ctrl+C to shut down.
--------------------------------
2020-06-19 17:55:57,772| INFO  
Hosting environment: Development
--------------------------------
2020-06-19 17:55:57,774| INFO  
Content root path: D:\软件\OkeyManage\OkeyManage
--------------------------------
2020-06-19 17:58:27,077| INFO  
Application started. Press Ctrl+C to shut down.
--------------------------------
2020-06-19 17:58:27,111| INFO  
Hosting environment: Development
--------------------------------
2020-06-19 17:58:27,113| INFO  
Content root path: D:\软件\OkeyManage\OkeyManage
--------------------------------
2020-06-19 18:00:37,799| INFO  
Application started. Press Ctrl+C to shut down.
--------------------------------
2020-06-19 18:00:37,821| INFO  
Hosting environment: Development
--------------------------------
2020-06-19 18:00:37,823| INFO  
Content root path: D:\软件\OkeyManage\OkeyManage
--------------------------------
2020-06-19 18:02:22,233| INFO  
Application started. Press Ctrl+C to shut down.
--------------------------------
2020-06-19 18:02:22,252| INFO  
Hosting environment: Development
--------------------------------
2020-06-19 18:02:22,254| INFO  
Content root path: D:\软件\OkeyManage\OkeyManage
--------------------------------
2020-06-19 18:06:28,477| INFO  
Application started. Press Ctrl+C to shut down.
--------------------------------
2020-06-19 18:06:28,505| INFO  
Hosting environment: Development
--------------------------------
2020-06-19 18:06:28,507| INFO  
Content root path: D:\软件\OkeyManage\OkeyManage
--------------------------------
2020-06-19 18:14:29,882| INFO  
Application started. Press Ctrl+C to shut down.
--------------------------------
2020-06-19 18:14:29,911| INFO  
Hosting environment: Development
--------------------------------
2020-06-19 18:14:29,913| INFO  
Content root path: D:\软件\OkeyManage\OkeyManage
--------------------------------
2020-06-19 18:43:41,838| INFO  
Application started. Press Ctrl+C to shut down.
--------------------------------
2020-06-19 18:43:41,857| INFO  
Hosting environment: Development
--------------------------------
2020-06-19 18:43:41,859| INFO  
Content root path: D:\软件\OkeyManage\OkeyManage
--------------------------------
