2020-06-12 09:44:15,241| INFO  
Application started. Press Ctrl+C to shut down.
--------------------------------
2020-06-12 09:44:15,260| INFO  
Hosting environment: Development
--------------------------------
2020-06-12 09:44:15,262| INFO  
Content root path: D:\软件\OkeyManage\OkeyManage
--------------------------------
2020-06-12 11:38:00,643| INFO  
Application started. Press Ctrl+C to shut down.
--------------------------------
2020-06-12 11:38:00,673| INFO  
Hosting environment: Development
--------------------------------
2020-06-12 11:38:00,676| INFO  
Content root path: D:\软件\OkeyManage\OkeyManage
--------------------------------
2020-06-12 11:40:40,737| INFO  
Application started. Press Ctrl+C to shut down.
--------------------------------
2020-06-12 11:40:40,756| INFO  
Hosting environment: Development
--------------------------------
2020-06-12 11:40:40,758| INFO  
Content root path: D:\软件\OkeyManage\OkeyManage
--------------------------------
2020-06-12 11:52:02,868| INFO  
Application started. Press Ctrl+C to shut down.
--------------------------------
2020-06-12 11:52:02,892| INFO  
Hosting environment: Development
--------------------------------
2020-06-12 11:52:02,894| INFO  
Content root path: D:\软件\OkeyManage\OkeyManage
--------------------------------
2020-06-12 11:53:17,531| INFO  
Application started. Press Ctrl+C to shut down.
--------------------------------
2020-06-12 11:53:17,552| INFO  
Hosting environment: Development
--------------------------------
2020-06-12 11:53:17,558| INFO  
Content root path: D:\软件\OkeyManage\OkeyManage
--------------------------------
2020-06-12 11:54:18,525| INFO  
Application started. Press Ctrl+C to shut down.
--------------------------------
2020-06-12 11:54:18,567| INFO  
Hosting environment: Development
--------------------------------
2020-06-12 11:54:18,569| INFO  
Content root path: D:\软件\OkeyManage\OkeyManage
--------------------------------
2020-06-12 13:50:19,668| INFO  
Application started. Press Ctrl+C to shut down.
--------------------------------
2020-06-12 13:50:19,688| INFO  
Hosting environment: Development
--------------------------------
2020-06-12 13:50:19,690| INFO  
Content root path: D:\软件\OkeyManage\OkeyManage
--------------------------------
2020-06-12 14:15:55,315| INFO  
Application started. Press Ctrl+C to shut down.
--------------------------------
2020-06-12 14:15:55,336| INFO  
Hosting environment: Development
--------------------------------
2020-06-12 14:15:55,338| INFO  
Content root path: D:\软件\OkeyManage\OkeyManage
--------------------------------
2020-06-12 14:26:17,984| INFO  
Application started. Press Ctrl+C to shut down.
--------------------------------
2020-06-12 14:26:18,013| INFO  
Hosting environment: Development
--------------------------------
2020-06-12 14:26:18,016| INFO  
Content root path: D:\软件\OkeyManage\OkeyManage
--------------------------------
2020-06-12 15:30:24,065| INFO  
Application started. Press Ctrl+C to shut down.
--------------------------------
2020-06-12 15:30:24,107| INFO  
Hosting environment: Development
--------------------------------
2020-06-12 15:30:24,111| INFO  
Content root path: D:\软件\OkeyManage\OkeyManage
--------------------------------
2020-06-12 15:31:51,297| INFO  
Application started. Press Ctrl+C to shut down.
--------------------------------
2020-06-12 15:31:51,324| INFO  
Hosting environment: Development
--------------------------------
2020-06-12 15:31:51,326| INFO  
Content root path: D:\软件\OkeyManage\OkeyManage
--------------------------------
2020-06-12 15:33:15,568| INFO  
Application started. Press Ctrl+C to shut down.
--------------------------------
2020-06-12 15:33:15,592| INFO  
Hosting environment: Development
--------------------------------
2020-06-12 15:33:15,595| INFO  
Content root path: D:\软件\OkeyManage\OkeyManage
--------------------------------
2020-06-12 16:02:46,653| INFO  
Application started. Press Ctrl+C to shut down.
--------------------------------
2020-06-12 16:02:46,692| INFO  
Hosting environment: Development
--------------------------------
2020-06-12 16:02:46,699| INFO  
Content root path: D:\软件\OkeyManage\OkeyManage
--------------------------------
2020-06-12 16:14:36,509| INFO  
Application started. Press Ctrl+C to shut down.
--------------------------------
2020-06-12 16:14:36,526| INFO  
Hosting environment: Development
--------------------------------
2020-06-12 16:14:36,533| INFO  
Content root path: D:\软件\OkeyManage\OkeyManage
--------------------------------
2020-06-12 16:15:44,171| INFO  
Application started. Press Ctrl+C to shut down.
--------------------------------
2020-06-12 16:15:44,196| INFO  
Hosting environment: Development
--------------------------------
2020-06-12 16:15:44,198| INFO  
Content root path: D:\软件\OkeyManage\OkeyManage
--------------------------------
2020-06-12 16:16:57,697| INFO  
Application started. Press Ctrl+C to shut down.
--------------------------------
2020-06-12 16:16:57,716| INFO  
Hosting environment: Development
--------------------------------
2020-06-12 16:16:57,724| INFO  
Content root path: D:\软件\OkeyManage\OkeyManage
--------------------------------
2020-06-12 16:18:02,453| INFO  
Application started. Press Ctrl+C to shut down.
--------------------------------
2020-06-12 16:18:02,475| INFO  
Hosting environment: Development
--------------------------------
2020-06-12 16:18:02,478| INFO  
Content root path: D:\软件\OkeyManage\OkeyManage
--------------------------------
2020-06-12 16:36:26,541| INFO  
Application started. Press Ctrl+C to shut down.
--------------------------------
2020-06-12 16:36:26,557| INFO  
Hosting environment: Development
--------------------------------
2020-06-12 16:36:26,565| INFO  
Content root path: D:\软件\OkeyManage\OkeyManage
--------------------------------
2020-06-12 16:39:28,661| INFO  
Application started. Press Ctrl+C to shut down.
--------------------------------
2020-06-12 16:39:28,691| INFO  
Hosting environment: Development
--------------------------------
2020-06-12 16:39:28,694| INFO  
Content root path: D:\软件\OkeyManage\OkeyManage
--------------------------------
2020-06-12 16:42:11,553| INFO  
Application started. Press Ctrl+C to shut down.
--------------------------------
2020-06-12 16:42:11,577| INFO  
Hosting environment: Development
--------------------------------
2020-06-12 16:42:11,579| INFO  
Content root path: D:\软件\OkeyManage\OkeyManage
--------------------------------
2020-06-12 17:14:49,817| INFO  
Application started. Press Ctrl+C to shut down.
--------------------------------
2020-06-12 17:14:49,838| INFO  
Hosting environment: Development
--------------------------------
2020-06-12 17:14:49,847| INFO  
Content root path: D:\软件\OkeyManage\OkeyManage
--------------------------------
2020-06-12 17:48:01,886| INFO  
Application started. Press Ctrl+C to shut down.
--------------------------------
2020-06-12 17:48:01,901| INFO  
Hosting environment: Development
--------------------------------
2020-06-12 17:48:01,909| INFO  
Content root path: D:\软件\OkeyManage\OkeyManage
--------------------------------
2020-06-12 17:50:20,975| INFO  
Application started. Press Ctrl+C to shut down.
--------------------------------
2020-06-12 17:50:20,992| INFO  
Hosting environment: Development
--------------------------------
2020-06-12 17:50:20,996| INFO  
Content root path: D:\软件\OkeyManage\OkeyManage
--------------------------------
2020-06-12 17:51:24,860| INFO  
Application started. Press Ctrl+C to shut down.
--------------------------------
2020-06-12 17:51:24,876| INFO  
Hosting environment: Development
--------------------------------
2020-06-12 17:51:24,879| INFO  
Content root path: D:\软件\OkeyManage\OkeyManage
--------------------------------
2020-06-12 17:57:44,249| INFO  
Application started. Press Ctrl+C to shut down.
--------------------------------
2020-06-12 17:57:44,284| INFO  
Hosting environment: Development
--------------------------------
2020-06-12 17:57:44,286| INFO  
Content root path: D:\软件\OkeyManage\OkeyManage
--------------------------------
2020-06-12 17:59:47,108| INFO  
Application started. Press Ctrl+C to shut down.
--------------------------------
2020-06-12 17:59:47,131| INFO  
Hosting environment: Development
--------------------------------
2020-06-12 17:59:47,133| INFO  
Content root path: D:\软件\OkeyManage\OkeyManage
--------------------------------
2020-06-12 18:01:35,205| INFO  
Application started. Press Ctrl+C to shut down.
--------------------------------
2020-06-12 18:01:35,221| INFO  
Hosting environment: Development
--------------------------------
2020-06-12 18:01:35,242| INFO  
Content root path: D:\软件\OkeyManage\OkeyManage
--------------------------------
2020-06-12 18:40:01,480| INFO  
Application started. Press Ctrl+C to shut down.
--------------------------------
2020-06-12 18:40:01,490| INFO  
Hosting environment: Development
--------------------------------
2020-06-12 18:40:01,493| INFO  
Content root path: D:\软件\OkeyManage\OkeyManage
--------------------------------
2020-06-12 18:41:14,003| INFO  
Application started. Press Ctrl+C to shut down.
--------------------------------
2020-06-12 18:41:14,023| INFO  
Hosting environment: Development
--------------------------------
2020-06-12 18:41:14,026| INFO  
Content root path: D:\软件\OkeyManage\OkeyManage
--------------------------------
2020-06-12 18:45:28,541| INFO  
Application started. Press Ctrl+C to shut down.
--------------------------------
2020-06-12 18:45:28,578| INFO  
Hosting environment: Development
--------------------------------
2020-06-12 18:45:28,581| INFO  
Content root path: D:\软件\OkeyManage\OkeyManage
--------------------------------
2020-06-12 18:49:47,873| INFO  
Application started. Press Ctrl+C to shut down.
--------------------------------
2020-06-12 18:49:47,893| INFO  
Hosting environment: Development
--------------------------------
2020-06-12 18:49:47,895| INFO  
Content root path: D:\软件\OkeyManage\OkeyManage
--------------------------------
2020-06-12 18:56:00,966| INFO  
Application started. Press Ctrl+C to shut down.
--------------------------------
2020-06-12 18:56:00,980| INFO  
Hosting environment: Development
--------------------------------
2020-06-12 18:56:00,982| INFO  
Content root path: D:\软件\OkeyManage\OkeyManage
--------------------------------
