2020-06-17 09:41:56,977| INFO  
Application started. Press Ctrl+C to shut down.
--------------------------------
2020-06-17 09:41:56,999| INFO  
Hosting environment: Development
--------------------------------
2020-06-17 09:41:57,002| INFO  
Content root path: D:\软件\OkeyManage\OkeyManage
--------------------------------
2020-06-17 09:48:33,856| INFO  
Application started. Press Ctrl+C to shut down.
--------------------------------
2020-06-17 09:48:33,876| INFO  
Hosting environment: Development
--------------------------------
2020-06-17 09:48:33,884| INFO  
Content root path: D:\软件\OkeyManage\OkeyManage
--------------------------------
2020-06-17 09:50:41,578| INFO  
Application started. Press Ctrl+C to shut down.
--------------------------------
2020-06-17 09:50:41,596| INFO  
Hosting environment: Development
--------------------------------
2020-06-17 09:50:41,598| INFO  
Content root path: D:\软件\OkeyManage\OkeyManage
--------------------------------
2020-06-17 09:52:40,700| INFO  
Application started. Press Ctrl+C to shut down.
--------------------------------
2020-06-17 09:52:40,718| INFO  
Hosting environment: Development
--------------------------------
2020-06-17 09:52:40,721| INFO  
Content root path: D:\软件\OkeyManage\OkeyManage
--------------------------------
2020-06-17 10:03:04,911| INFO  
Application started. Press Ctrl+C to shut down.
--------------------------------
2020-06-17 10:03:04,930| INFO  
Hosting environment: Development
--------------------------------
2020-06-17 10:03:04,938| INFO  
Content root path: D:\软件\OkeyManage\OkeyManage
--------------------------------
2020-06-17 10:06:02,038| INFO  
Application started. Press Ctrl+C to shut down.
--------------------------------
2020-06-17 10:06:02,058| INFO  
Hosting environment: Development
--------------------------------
2020-06-17 10:06:02,060| INFO  
Content root path: D:\软件\OkeyManage\OkeyManage
--------------------------------
2020-06-17 10:13:00,067| INFO  
Application started. Press Ctrl+C to shut down.
--------------------------------
2020-06-17 10:13:00,096| INFO  
Hosting environment: Development
--------------------------------
2020-06-17 10:13:00,098| INFO  
Content root path: D:\软件\OkeyManage\OkeyManage
--------------------------------
2020-06-17 11:12:50,693| INFO  
Application started. Press Ctrl+C to shut down.
--------------------------------
2020-06-17 11:12:50,733| INFO  
Hosting environment: Development
--------------------------------
2020-06-17 11:12:50,744| INFO  
Content root path: D:\软件\OkeyManage\OkeyManage
--------------------------------
2020-06-17 11:17:35,206| INFO  
Application started. Press Ctrl+C to shut down.
--------------------------------
2020-06-17 11:17:35,219| INFO  
Hosting environment: Development
--------------------------------
2020-06-17 11:17:35,228| INFO  
Content root path: D:\软件\OkeyManage\OkeyManage
--------------------------------
2020-06-17 11:19:32,530| INFO  
Application started. Press Ctrl+C to shut down.
--------------------------------
2020-06-17 11:19:32,549| INFO  
Hosting environment: Development
--------------------------------
2020-06-17 11:19:32,554| INFO  
Content root path: D:\软件\OkeyManage\OkeyManage
--------------------------------
2020-06-17 11:20:03,802| INFO  
Application started. Press Ctrl+C to shut down.
--------------------------------
2020-06-17 11:20:03,827| INFO  
Hosting environment: Development
--------------------------------
2020-06-17 11:20:03,829| INFO  
Content root path: D:\软件\OkeyManage\OkeyManage
--------------------------------
2020-06-17 11:23:34,788| INFO  
Application started. Press Ctrl+C to shut down.
--------------------------------
2020-06-17 11:23:34,819| INFO  
Hosting environment: Development
--------------------------------
2020-06-17 11:23:34,822| INFO  
Content root path: D:\软件\OkeyManage\OkeyManage
--------------------------------
2020-06-17 11:25:36,251| INFO  
Application started. Press Ctrl+C to shut down.
--------------------------------
2020-06-17 11:25:36,266| INFO  
Hosting environment: Development
--------------------------------
2020-06-17 11:25:36,268| INFO  
Content root path: D:\软件\OkeyManage\OkeyManage
--------------------------------
2020-06-17 11:27:03,953| INFO  
Application started. Press Ctrl+C to shut down.
--------------------------------
2020-06-17 11:27:03,973| INFO  
Hosting environment: Development
--------------------------------
2020-06-17 11:27:03,975| INFO  
Content root path: D:\软件\OkeyManage\OkeyManage
--------------------------------
2020-06-17 11:27:48,271| INFO  
Application started. Press Ctrl+C to shut down.
--------------------------------
2020-06-17 11:27:48,293| INFO  
Hosting environment: Development
--------------------------------
2020-06-17 11:27:48,295| INFO  
Content root path: D:\软件\OkeyManage\OkeyManage
--------------------------------
2020-06-17 11:29:37,692| INFO  
Application started. Press Ctrl+C to shut down.
--------------------------------
2020-06-17 11:29:37,714| INFO  
Hosting environment: Development
--------------------------------
2020-06-17 11:29:37,716| INFO  
Content root path: D:\软件\OkeyManage\OkeyManage
--------------------------------
2020-06-17 11:49:39,408| INFO  
Application started. Press Ctrl+C to shut down.
--------------------------------
2020-06-17 11:49:39,436| INFO  
Hosting environment: Development
--------------------------------
2020-06-17 11:49:39,440| INFO  
Content root path: D:\软件\OkeyManage\OkeyManage
--------------------------------
2020-06-17 11:59:18,929| INFO  
Application started. Press Ctrl+C to shut down.
--------------------------------
2020-06-17 11:59:18,946| INFO  
Hosting environment: Development
--------------------------------
2020-06-17 11:59:18,958| INFO  
Content root path: D:\软件\OkeyManage\OkeyManage
--------------------------------
2020-06-17 12:00:45,147| INFO  
Application started. Press Ctrl+C to shut down.
--------------------------------
2020-06-17 12:00:45,172| INFO  
Hosting environment: Development
--------------------------------
2020-06-17 12:00:45,176| INFO  
Content root path: D:\软件\OkeyManage\OkeyManage
--------------------------------
2020-06-17 13:49:29,864| INFO  
Application started. Press Ctrl+C to shut down.
--------------------------------
2020-06-17 13:49:29,891| INFO  
Hosting environment: Development
--------------------------------
2020-06-17 13:49:29,898| INFO  
Content root path: D:\软件\OkeyManage\OkeyManage
--------------------------------
2020-06-17 14:19:14,673| INFO  
Application started. Press Ctrl+C to shut down.
--------------------------------
2020-06-17 14:19:14,692| INFO  
Hosting environment: Development
--------------------------------
2020-06-17 14:19:14,694| INFO  
Content root path: D:\软件\OkeyManage\OkeyManage
--------------------------------
2020-06-17 15:30:44,394| INFO  
Application started. Press Ctrl+C to shut down.
--------------------------------
2020-06-17 15:30:44,425| INFO  
Hosting environment: Development
--------------------------------
2020-06-17 15:30:44,427| INFO  
Content root path: D:\软件\OkeyManage\OkeyManage
--------------------------------
2020-06-17 15:42:53,853| INFO  
Application started. Press Ctrl+C to shut down.
--------------------------------
2020-06-17 15:42:53,864| INFO  
Hosting environment: Development
--------------------------------
2020-06-17 15:42:53,866| INFO  
Content root path: D:\软件\OkeyManage\OkeyManage
--------------------------------
2020-06-17 15:45:56,861| INFO  
Application started. Press Ctrl+C to shut down.
--------------------------------
2020-06-17 15:45:56,878| INFO  
Hosting environment: Development
--------------------------------
2020-06-17 15:45:56,880| INFO  
Content root path: D:\软件\OkeyManage\OkeyManage
--------------------------------
2020-06-17 15:46:09,565| INFO  
Application started. Press Ctrl+C to shut down.
--------------------------------
2020-06-17 15:46:09,585| INFO  
Hosting environment: Development
--------------------------------
2020-06-17 15:46:09,587| INFO  
Content root path: D:\软件\OkeyManage\OkeyManage
--------------------------------
2020-06-17 15:51:54,499| INFO  
Application started. Press Ctrl+C to shut down.
--------------------------------
2020-06-17 15:51:54,517| INFO  
Hosting environment: Development
--------------------------------
2020-06-17 15:51:54,519| INFO  
Content root path: D:\软件\OkeyManage\OkeyManage
--------------------------------
2020-06-17 15:52:33,618| INFO  
Application started. Press Ctrl+C to shut down.
--------------------------------
2020-06-17 15:52:33,634| INFO  
Hosting environment: Development
--------------------------------
2020-06-17 15:52:33,636| INFO  
Content root path: D:\软件\OkeyManage\OkeyManage
--------------------------------
2020-06-17 15:53:28,232| INFO  
Application started. Press Ctrl+C to shut down.
--------------------------------
2020-06-17 15:53:28,249| INFO  
Hosting environment: Development
--------------------------------
2020-06-17 15:53:28,250| INFO  
Content root path: D:\软件\OkeyManage\OkeyManage
--------------------------------
2020-06-17 16:02:09,829| INFO  
Application started. Press Ctrl+C to shut down.
--------------------------------
2020-06-17 16:02:09,842| INFO  
Hosting environment: Development
--------------------------------
2020-06-17 16:02:09,844| INFO  
Content root path: D:\软件\OkeyManage\OkeyManage
--------------------------------
2020-06-17 16:04:46,558| INFO  
Application started. Press Ctrl+C to shut down.
--------------------------------
2020-06-17 16:04:46,573| INFO  
Hosting environment: Development
--------------------------------
2020-06-17 16:04:46,575| INFO  
Content root path: D:\软件\OkeyManage\OkeyManage
--------------------------------
2020-06-17 16:12:08,905| INFO  
Application started. Press Ctrl+C to shut down.
--------------------------------
2020-06-17 16:12:08,920| INFO  
Hosting environment: Development
--------------------------------
2020-06-17 16:12:08,922| INFO  
Content root path: D:\软件\OkeyManage\OkeyManage
--------------------------------
2020-06-17 16:15:34,733| INFO  
Application started. Press Ctrl+C to shut down.
--------------------------------
2020-06-17 16:15:34,743| INFO  
Hosting environment: Development
--------------------------------
2020-06-17 16:15:34,749| INFO  
Content root path: D:\软件\OkeyManage\OkeyManage
--------------------------------
2020-06-17 16:16:39,992| INFO  
Application started. Press Ctrl+C to shut down.
--------------------------------
2020-06-17 16:16:40,009| INFO  
Hosting environment: Development
--------------------------------
2020-06-17 16:16:40,012| INFO  
Content root path: D:\软件\OkeyManage\OkeyManage
--------------------------------
2020-06-17 16:19:41,130| INFO  
Application started. Press Ctrl+C to shut down.
--------------------------------
2020-06-17 16:19:41,143| INFO  
Hosting environment: Development
--------------------------------
2020-06-17 16:19:41,144| INFO  
Content root path: D:\软件\OkeyManage\OkeyManage
--------------------------------
2020-06-17 16:20:57,401| INFO  
Application started. Press Ctrl+C to shut down.
--------------------------------
2020-06-17 16:20:57,423| INFO  
Hosting environment: Development
--------------------------------
2020-06-17 16:20:57,426| INFO  
Content root path: D:\软件\OkeyManage\OkeyManage
--------------------------------
2020-06-17 16:22:38,688| INFO  
Application started. Press Ctrl+C to shut down.
--------------------------------
2020-06-17 16:22:38,708| INFO  
Hosting environment: Development
--------------------------------
2020-06-17 16:22:38,710| INFO  
Content root path: D:\软件\OkeyManage\OkeyManage
--------------------------------
2020-06-17 16:23:31,374| INFO  
Application started. Press Ctrl+C to shut down.
--------------------------------
2020-06-17 16:23:31,392| INFO  
Hosting environment: Development
--------------------------------
2020-06-17 16:23:31,402| INFO  
Content root path: D:\软件\OkeyManage\OkeyManage
--------------------------------
2020-06-17 16:27:15,977| INFO  
Application started. Press Ctrl+C to shut down.
--------------------------------
2020-06-17 16:27:15,996| INFO  
Hosting environment: Development
--------------------------------
2020-06-17 16:27:16,007| INFO  
Content root path: D:\软件\OkeyManage\OkeyManage
--------------------------------
2020-06-17 16:27:55,897| INFO  
Application started. Press Ctrl+C to shut down.
--------------------------------
2020-06-17 16:27:55,921| INFO  
Hosting environment: Development
--------------------------------
2020-06-17 16:27:55,923| INFO  
Content root path: D:\软件\OkeyManage\OkeyManage
--------------------------------
2020-06-17 16:51:49,781| INFO  
Application started. Press Ctrl+C to shut down.
--------------------------------
2020-06-17 16:51:49,800| INFO  
Hosting environment: Development
--------------------------------
2020-06-17 16:51:49,804| INFO  
Content root path: D:\软件\OkeyManage\OkeyManage
--------------------------------
2020-06-17 16:57:56,924| INFO  
Application started. Press Ctrl+C to shut down.
--------------------------------
2020-06-17 16:57:56,944| INFO  
Hosting environment: Development
--------------------------------
2020-06-17 16:57:56,947| INFO  
Content root path: D:\软件\OkeyManage\OkeyManage
--------------------------------
2020-06-17 17:04:13,589| INFO  
Application started. Press Ctrl+C to shut down.
--------------------------------
2020-06-17 17:04:13,616| INFO  
Hosting environment: Development
--------------------------------
2020-06-17 17:04:13,618| INFO  
Content root path: D:\软件\OkeyManage\OkeyManage
--------------------------------
2020-06-17 17:07:05,590| INFO  
Application started. Press Ctrl+C to shut down.
--------------------------------
2020-06-17 17:07:05,605| INFO  
Hosting environment: Development
--------------------------------
2020-06-17 17:07:05,606| INFO  
Content root path: D:\软件\OkeyManage\OkeyManage
--------------------------------
2020-06-17 17:10:35,196| INFO  
Application started. Press Ctrl+C to shut down.
--------------------------------
2020-06-17 17:10:35,208| INFO  
Hosting environment: Development
--------------------------------
2020-06-17 17:10:35,209| INFO  
Content root path: D:\软件\OkeyManage\OkeyManage
--------------------------------
2020-06-17 17:16:26,558| INFO  
Application started. Press Ctrl+C to shut down.
--------------------------------
2020-06-17 17:16:26,568| INFO  
Hosting environment: Development
--------------------------------
2020-06-17 17:16:26,570| INFO  
Content root path: D:\软件\OkeyManage\OkeyManage
--------------------------------
2020-06-17 17:19:57,179| INFO  
Application started. Press Ctrl+C to shut down.
--------------------------------
2020-06-17 17:19:57,197| INFO  
Hosting environment: Development
--------------------------------
2020-06-17 17:19:57,199| INFO  
Content root path: D:\软件\OkeyManage\OkeyManage
--------------------------------
2020-06-17 17:22:40,974| INFO  
Application started. Press Ctrl+C to shut down.
--------------------------------
2020-06-17 17:22:40,993| INFO  
Hosting environment: Development
--------------------------------
2020-06-17 17:22:40,995| INFO  
Content root path: D:\软件\OkeyManage\OkeyManage
--------------------------------
2020-06-17 17:24:13,820| INFO  
Application started. Press Ctrl+C to shut down.
--------------------------------
2020-06-17 17:24:13,832| INFO  
Hosting environment: Development
--------------------------------
2020-06-17 17:24:13,833| INFO  
Content root path: D:\软件\OkeyManage\OkeyManage
--------------------------------
2020-06-17 17:33:08,414| INFO  
Application started. Press Ctrl+C to shut down.
--------------------------------
2020-06-17 17:33:08,426| INFO  
Hosting environment: Development
--------------------------------
2020-06-17 17:33:08,427| INFO  
Content root path: D:\软件\OkeyManage\OkeyManage
--------------------------------
2020-06-17 17:37:30,993| INFO  
Application started. Press Ctrl+C to shut down.
--------------------------------
2020-06-17 17:37:31,007| INFO  
Hosting environment: Development
--------------------------------
2020-06-17 17:37:31,008| INFO  
Content root path: D:\软件\OkeyManage\OkeyManage
--------------------------------
2020-06-17 17:39:04,002| INFO  
Application started. Press Ctrl+C to shut down.
--------------------------------
2020-06-17 17:39:04,020| INFO  
Hosting environment: Development
--------------------------------
2020-06-17 17:39:04,022| INFO  
Content root path: D:\软件\OkeyManage\OkeyManage
--------------------------------
2020-06-17 17:40:13,724| INFO  
Application started. Press Ctrl+C to shut down.
--------------------------------
2020-06-17 17:40:13,736| INFO  
Hosting environment: Development
--------------------------------
2020-06-17 17:40:13,737| INFO  
Content root path: D:\软件\OkeyManage\OkeyManage
--------------------------------
2020-06-17 17:49:31,791| INFO  
Application started. Press Ctrl+C to shut down.
--------------------------------
2020-06-17 17:49:31,804| INFO  
Hosting environment: Development
--------------------------------
2020-06-17 17:49:31,806| INFO  
Content root path: D:\软件\OkeyManage\OkeyManage
--------------------------------
2020-06-17 17:51:17,128| INFO  
Application started. Press Ctrl+C to shut down.
--------------------------------
2020-06-17 17:51:17,149| INFO  
Hosting environment: Development
--------------------------------
2020-06-17 17:51:17,151| INFO  
Content root path: D:\软件\OkeyManage\OkeyManage
--------------------------------
2020-06-17 17:52:59,565| INFO  
Application started. Press Ctrl+C to shut down.
--------------------------------
2020-06-17 17:52:59,581| INFO  
Hosting environment: Development
--------------------------------
2020-06-17 17:52:59,583| INFO  
Content root path: D:\软件\OkeyManage\OkeyManage
--------------------------------
2020-06-17 17:56:47,592| INFO  
Application started. Press Ctrl+C to shut down.
--------------------------------
2020-06-17 17:56:47,607| INFO  
Hosting environment: Development
--------------------------------
2020-06-17 17:56:47,609| INFO  
Content root path: D:\软件\OkeyManage\OkeyManage
--------------------------------
2020-06-17 17:57:27,470| INFO  
Application started. Press Ctrl+C to shut down.
--------------------------------
2020-06-17 17:57:27,489| INFO  
Hosting environment: Development
--------------------------------
2020-06-17 17:57:27,490| INFO  
Content root path: D:\软件\OkeyManage\OkeyManage
--------------------------------
2020-06-17 17:58:25,284| INFO  
Application started. Press Ctrl+C to shut down.
--------------------------------
2020-06-17 17:58:25,311| INFO  
Hosting environment: Development
--------------------------------
2020-06-17 17:58:25,313| INFO  
Content root path: D:\软件\OkeyManage\OkeyManage
--------------------------------
2020-06-17 17:59:17,523| INFO  
Application started. Press Ctrl+C to shut down.
--------------------------------
2020-06-17 17:59:17,539| INFO  
Hosting environment: Development
--------------------------------
2020-06-17 17:59:17,541| INFO  
Content root path: D:\软件\OkeyManage\OkeyManage
--------------------------------
2020-06-17 18:00:08,767| INFO  
Application started. Press Ctrl+C to shut down.
--------------------------------
2020-06-17 18:00:08,789| INFO  
Hosting environment: Development
--------------------------------
2020-06-17 18:00:08,790| INFO  
Content root path: D:\软件\OkeyManage\OkeyManage
--------------------------------
2020-06-17 18:04:19,369| INFO  
Application started. Press Ctrl+C to shut down.
--------------------------------
2020-06-17 18:04:19,403| INFO  
Hosting environment: Development
--------------------------------
2020-06-17 18:04:19,412| INFO  
Content root path: D:\软件\OkeyManage\OkeyManage
--------------------------------
2020-06-17 18:06:05,997| INFO  
Application started. Press Ctrl+C to shut down.
--------------------------------
2020-06-17 18:06:06,017| INFO  
Hosting environment: Development
--------------------------------
2020-06-17 18:06:06,020| INFO  
Content root path: D:\软件\OkeyManage\OkeyManage
--------------------------------
2020-06-17 18:18:18,982| INFO  
Application started. Press Ctrl+C to shut down.
--------------------------------
2020-06-17 18:18:19,003| INFO  
Hosting environment: Development
--------------------------------
2020-06-17 18:18:19,005| INFO  
Content root path: D:\软件\OkeyManage\OkeyManage
--------------------------------
2020-06-17 18:19:29,811| INFO  
Application started. Press Ctrl+C to shut down.
--------------------------------
2020-06-17 18:19:29,831| INFO  
Hosting environment: Development
--------------------------------
2020-06-17 18:19:29,834| INFO  
Content root path: D:\软件\OkeyManage\OkeyManage
--------------------------------
2020-06-17 18:22:11,694| INFO  
Application started. Press Ctrl+C to shut down.
--------------------------------
2020-06-17 18:22:11,721| INFO  
Hosting environment: Development
--------------------------------
2020-06-17 18:22:11,724| INFO  
Content root path: D:\软件\OkeyManage\OkeyManage
--------------------------------
2020-06-17 18:23:21,652| INFO  
Application started. Press Ctrl+C to shut down.
--------------------------------
2020-06-17 18:23:21,671| INFO  
Hosting environment: Development
--------------------------------
2020-06-17 18:23:21,673| INFO  
Content root path: D:\软件\OkeyManage\OkeyManage
--------------------------------
2020-06-17 18:24:12,788| INFO  
Application started. Press Ctrl+C to shut down.
--------------------------------
2020-06-17 18:24:12,811| INFO  
Hosting environment: Development
--------------------------------
2020-06-17 18:24:12,812| INFO  
Content root path: D:\软件\OkeyManage\OkeyManage
--------------------------------
2020-06-17 18:26:33,154| INFO  
Application started. Press Ctrl+C to shut down.
--------------------------------
2020-06-17 18:26:33,174| INFO  
Hosting environment: Development
--------------------------------
2020-06-17 18:26:33,176| INFO  
Content root path: D:\软件\OkeyManage\OkeyManage
--------------------------------
2020-06-17 18:27:39,772| INFO  
Application started. Press Ctrl+C to shut down.
--------------------------------
2020-06-17 18:27:39,793| INFO  
Hosting environment: Development
--------------------------------
2020-06-17 18:27:39,795| INFO  
Content root path: D:\软件\OkeyManage\OkeyManage
--------------------------------
2020-06-17 18:27:59,645| INFO  
Application started. Press Ctrl+C to shut down.
--------------------------------
2020-06-17 18:27:59,664| INFO  
Hosting environment: Development
--------------------------------
2020-06-17 18:27:59,666| INFO  
Content root path: D:\软件\OkeyManage\OkeyManage
--------------------------------
2020-06-17 18:29:37,929| INFO  
Application started. Press Ctrl+C to shut down.
--------------------------------
2020-06-17 18:29:37,942| INFO  
Hosting environment: Development
--------------------------------
2020-06-17 18:29:37,968| INFO  
Content root path: D:\软件\OkeyManage\OkeyManage
--------------------------------
2020-06-17 18:31:14,844| INFO  
Application started. Press Ctrl+C to shut down.
--------------------------------
2020-06-17 18:31:14,867| INFO  
Hosting environment: Development
--------------------------------
2020-06-17 18:31:14,870| INFO  
Content root path: D:\软件\OkeyManage\OkeyManage
--------------------------------
2020-06-17 18:32:55,389| INFO  
Application started. Press Ctrl+C to shut down.
--------------------------------
2020-06-17 18:32:55,412| INFO  
Hosting environment: Development
--------------------------------
2020-06-17 18:32:55,414| INFO  
Content root path: D:\软件\OkeyManage\OkeyManage
--------------------------------
2020-06-17 18:36:09,988| INFO  
Application started. Press Ctrl+C to shut down.
--------------------------------
2020-06-17 18:36:10,010| INFO  
Hosting environment: Development
--------------------------------
2020-06-17 18:36:10,012| INFO  
Content root path: D:\软件\OkeyManage\OkeyManage
--------------------------------
2020-06-17 18:37:56,431| INFO  
Application started. Press Ctrl+C to shut down.
--------------------------------
2020-06-17 18:37:56,453| INFO  
Hosting environment: Development
--------------------------------
2020-06-17 18:37:56,455| INFO  
Content root path: D:\软件\OkeyManage\OkeyManage
--------------------------------
2020-06-17 18:40:30,719| INFO  
Application started. Press Ctrl+C to shut down.
--------------------------------
2020-06-17 18:40:30,739| INFO  
Hosting environment: Development
--------------------------------
2020-06-17 18:40:30,741| INFO  
Content root path: D:\软件\OkeyManage\OkeyManage
--------------------------------
2020-06-17 18:42:56,709| INFO  
Application started. Press Ctrl+C to shut down.
--------------------------------
2020-06-17 18:42:56,730| INFO  
Hosting environment: Development
--------------------------------
2020-06-17 18:42:56,732| INFO  
Content root path: D:\软件\OkeyManage\OkeyManage
--------------------------------
2020-06-17 18:44:46,650| INFO  
Application started. Press Ctrl+C to shut down.
--------------------------------
2020-06-17 18:44:46,671| INFO  
Hosting environment: Development
--------------------------------
2020-06-17 18:44:46,672| INFO  
Content root path: D:\软件\OkeyManage\OkeyManage
--------------------------------
2020-06-17 18:46:13,054| INFO  
Application started. Press Ctrl+C to shut down.
--------------------------------
2020-06-17 18:46:13,073| INFO  
Hosting environment: Development
--------------------------------
2020-06-17 18:46:13,075| INFO  
Content root path: D:\软件\OkeyManage\OkeyManage
--------------------------------
2020-06-17 18:47:06,780| INFO  
Application started. Press Ctrl+C to shut down.
--------------------------------
2020-06-17 18:47:06,824| INFO  
Hosting environment: Development
--------------------------------
2020-06-17 18:47:06,826| INFO  
Content root path: D:\软件\OkeyManage\OkeyManage
--------------------------------
2020-06-17 18:48:20,102| INFO  
Application started. Press Ctrl+C to shut down.
--------------------------------
2020-06-17 18:48:20,120| INFO  
Hosting environment: Development
--------------------------------
2020-06-17 18:48:20,122| INFO  
Content root path: D:\软件\OkeyManage\OkeyManage
--------------------------------
2020-06-17 18:49:51,449| INFO  
Application started. Press Ctrl+C to shut down.
--------------------------------
2020-06-17 18:49:51,470| INFO  
Hosting environment: Development
--------------------------------
2020-06-17 18:49:51,472| INFO  
Content root path: D:\软件\OkeyManage\OkeyManage
--------------------------------
2020-06-17 18:50:48,136| INFO  
Application started. Press Ctrl+C to shut down.
--------------------------------
2020-06-17 18:50:48,156| INFO  
Hosting environment: Development
--------------------------------
2020-06-17 18:50:48,158| INFO  
Content root path: D:\软件\OkeyManage\OkeyManage
--------------------------------
