2020-06-18 09:40:11,443| INFO  
Application started. Press Ctrl+C to shut down.
--------------------------------
2020-06-18 09:40:11,464| INFO  
Hosting environment: Development
--------------------------------
2020-06-18 09:40:11,466| INFO  
Content root path: D:\软件\OkeyManage\OkeyManage
--------------------------------
2020-06-18 09:41:01,689| INFO  
Application started. Press Ctrl+C to shut down.
--------------------------------
2020-06-18 09:41:01,718| INFO  
Hosting environment: Development
--------------------------------
2020-06-18 09:41:01,720| INFO  
Content root path: D:\软件\OkeyManage\OkeyManage
--------------------------------
2020-06-18 09:42:55,180| INFO  
Application started. Press Ctrl+C to shut down.
--------------------------------
2020-06-18 09:42:55,198| INFO  
Hosting environment: Development
--------------------------------
2020-06-18 09:42:55,200| INFO  
Content root path: D:\软件\OkeyManage\OkeyManage
--------------------------------
2020-06-18 09:49:42,032| INFO  
Application started. Press Ctrl+C to shut down.
--------------------------------
2020-06-18 09:49:42,053| INFO  
Hosting environment: Development
--------------------------------
2020-06-18 09:49:42,056| INFO  
Content root path: D:\软件\OkeyManage\OkeyManage
--------------------------------
2020-06-18 11:16:02,474| INFO  
Application started. Press Ctrl+C to shut down.
--------------------------------
2020-06-18 11:16:02,504| INFO  
Hosting environment: Development
--------------------------------
2020-06-18 11:16:02,506| INFO  
Content root path: D:\软件\OkeyManage\OkeyManage
--------------------------------
2020-06-18 11:21:29,059| INFO  
Application started. Press Ctrl+C to shut down.
--------------------------------
2020-06-18 11:21:29,128| INFO  
Hosting environment: Development
--------------------------------
2020-06-18 11:21:29,132| INFO  
Content root path: D:\软件\OkeyManage\OkeyManage
--------------------------------
2020-06-18 11:22:27,913| INFO  
Application started. Press Ctrl+C to shut down.
--------------------------------
2020-06-18 11:22:27,931| INFO  
Hosting environment: Development
--------------------------------
2020-06-18 11:22:27,933| INFO  
Content root path: D:\软件\OkeyManage\OkeyManage
--------------------------------
2020-06-18 11:32:13,516| INFO  
Application started. Press Ctrl+C to shut down.
--------------------------------
2020-06-18 11:32:13,591| INFO  
Hosting environment: Development
--------------------------------
2020-06-18 11:32:13,594| INFO  
Content root path: D:\软件\OkeyManage\OkeyManage
--------------------------------
2020-06-18 13:46:10,377| INFO  
Application started. Press Ctrl+C to shut down.
--------------------------------
2020-06-18 13:46:10,465| INFO  
Hosting environment: Development
--------------------------------
2020-06-18 13:46:10,500| INFO  
Content root path: D:\软件\OkeyManage\OkeyManage
--------------------------------
2020-06-18 15:12:21,468| INFO  
Application started. Press Ctrl+C to shut down.
--------------------------------
2020-06-18 15:12:21,530| INFO  
Hosting environment: Development
--------------------------------
2020-06-18 15:12:21,533| INFO  
Content root path: D:\软件\OkeyManage\OkeyManage
--------------------------------
2020-06-18 15:16:25,342| INFO  
Application started. Press Ctrl+C to shut down.
--------------------------------
2020-06-18 15:16:25,377| INFO  
Hosting environment: Development
--------------------------------
2020-06-18 15:16:25,382| INFO  
Content root path: D:\软件\OkeyManage\OkeyManage
--------------------------------
2020-06-18 15:19:42,561| INFO  
Application started. Press Ctrl+C to shut down.
--------------------------------
2020-06-18 15:19:42,647| INFO  
Hosting environment: Development
--------------------------------
2020-06-18 15:19:42,651| INFO  
Content root path: D:\软件\OkeyManage\OkeyManage
--------------------------------
2020-06-18 16:11:24,500| INFO  
Application started. Press Ctrl+C to shut down.
--------------------------------
2020-06-18 16:11:24,543| INFO  
Hosting environment: Development
--------------------------------
2020-06-18 16:11:24,551| INFO  
Content root path: D:\软件\OkeyManage\OkeyManage
--------------------------------
2020-06-18 16:16:51,992| INFO  
Application started. Press Ctrl+C to shut down.
--------------------------------
2020-06-18 16:16:52,027| INFO  
Hosting environment: Development
--------------------------------
2020-06-18 16:16:52,030| INFO  
Content root path: D:\软件\OkeyManage\OkeyManage
--------------------------------
2020-06-18 16:23:47,006| INFO  
Application started. Press Ctrl+C to shut down.
--------------------------------
2020-06-18 16:23:47,112| INFO  
Hosting environment: Development
--------------------------------
2020-06-18 16:23:47,117| INFO  
Content root path: D:\软件\OkeyManage\OkeyManage
--------------------------------
2020-06-18 16:39:17,477| INFO  
Application started. Press Ctrl+C to shut down.
--------------------------------
2020-06-18 16:39:17,527| INFO  
Hosting environment: Development
--------------------------------
2020-06-18 16:39:17,530| INFO  
Content root path: D:\软件\OkeyManage\OkeyManage
--------------------------------
