2020-06-11 09:51:04,471| INFO  
Application started. Press Ctrl+C to shut down.
--------------------------------
2020-06-11 09:51:04,483| INFO  
Hosting environment: Development
--------------------------------
2020-06-11 09:51:04,484| INFO  
Content root path: D:\软件\OkeyManage\OkeyManage
--------------------------------
2020-06-11 09:52:36,077| INFO  
Application started. Press Ctrl+C to shut down.
--------------------------------
2020-06-11 09:52:36,089| INFO  
Hosting environment: Development
--------------------------------
2020-06-11 09:52:36,090| INFO  
Content root path: D:\软件\OkeyManage\OkeyManage
--------------------------------
2020-06-11 10:22:14,137| INFO  
Application started. Press Ctrl+C to shut down.
--------------------------------
2020-06-11 10:22:14,162| INFO  
Hosting environment: Development
--------------------------------
2020-06-11 10:22:14,164| INFO  
Content root path: D:\软件\OkeyManage\OkeyManage
--------------------------------
2020-06-11 10:29:51,015| INFO  
Application started. Press Ctrl+C to shut down.
--------------------------------
2020-06-11 10:29:51,033| INFO  
Hosting environment: Development
--------------------------------
2020-06-11 10:29:51,034| INFO  
Content root path: D:\软件\OkeyManage\OkeyManage
--------------------------------
2020-06-11 10:30:43,418| INFO  
Application started. Press Ctrl+C to shut down.
--------------------------------
2020-06-11 10:30:43,437| INFO  
Hosting environment: Development
--------------------------------
2020-06-11 10:30:43,440| INFO  
Content root path: D:\软件\OkeyManage\OkeyManage
--------------------------------
2020-06-11 10:32:11,442| INFO  
Application started. Press Ctrl+C to shut down.
--------------------------------
2020-06-11 10:32:11,463| INFO  
Hosting environment: Development
--------------------------------
2020-06-11 10:32:11,465| INFO  
Content root path: D:\软件\OkeyManage\OkeyManage
--------------------------------
2020-06-11 14:51:58,484| INFO  
Application started. Press Ctrl+C to shut down.
--------------------------------
2020-06-11 14:51:58,500| INFO  
Hosting environment: Development
--------------------------------
2020-06-11 14:51:58,503| INFO  
Content root path: D:\软件\OkeyManage\OkeyManage
--------------------------------
2020-06-11 14:54:27,642| INFO  
Application started. Press Ctrl+C to shut down.
--------------------------------
2020-06-11 14:54:27,662| INFO  
Hosting environment: Development
--------------------------------
2020-06-11 14:54:27,664| INFO  
Content root path: D:\软件\OkeyManage\OkeyManage
--------------------------------
2020-06-11 15:06:33,875| INFO  
Application started. Press Ctrl+C to shut down.
--------------------------------
2020-06-11 15:06:33,893| INFO  
Hosting environment: Development
--------------------------------
2020-06-11 15:06:33,895| INFO  
Content root path: D:\软件\OkeyManage\OkeyManage
--------------------------------
2020-06-11 15:15:57,919| INFO  
Application started. Press Ctrl+C to shut down.
--------------------------------
2020-06-11 15:15:57,946| INFO  
Hosting environment: Development
--------------------------------
2020-06-11 15:15:57,948| INFO  
Content root path: D:\软件\OkeyManage\OkeyManage
--------------------------------
2020-06-11 15:30:54,563| INFO  
Application started. Press Ctrl+C to shut down.
--------------------------------
2020-06-11 15:30:54,583| INFO  
Hosting environment: Development
--------------------------------
2020-06-11 15:30:54,586| INFO  
Content root path: D:\软件\OkeyManage\OkeyManage
--------------------------------
2020-06-11 15:32:14,289| INFO  
Application started. Press Ctrl+C to shut down.
--------------------------------
2020-06-11 15:32:14,314| INFO  
Hosting environment: Development
--------------------------------
2020-06-11 15:32:14,317| INFO  
Content root path: D:\软件\OkeyManage\OkeyManage
--------------------------------
2020-06-11 15:33:28,125| INFO  
Application started. Press Ctrl+C to shut down.
--------------------------------
2020-06-11 15:33:28,143| INFO  
Hosting environment: Development
--------------------------------
2020-06-11 15:33:28,145| INFO  
Content root path: D:\软件\OkeyManage\OkeyManage
--------------------------------
2020-06-11 15:33:58,448| INFO  
Application started. Press Ctrl+C to shut down.
--------------------------------
2020-06-11 15:33:58,464| INFO  
Hosting environment: Development
--------------------------------
2020-06-11 15:33:58,477| INFO  
Content root path: D:\软件\OkeyManage\OkeyManage
--------------------------------
2020-06-11 18:32:33,646| INFO  
Application started. Press Ctrl+C to shut down.
--------------------------------
2020-06-11 18:32:33,661| INFO  
Hosting environment: Development
--------------------------------
2020-06-11 18:32:33,663| INFO  
Content root path: D:\软件\OkeyManage\OkeyManage
--------------------------------
2020-06-11 18:36:49,155| INFO  
Application started. Press Ctrl+C to shut down.
--------------------------------
2020-06-11 18:36:49,169| INFO  
Hosting environment: Development
--------------------------------
2020-06-11 18:36:49,170| INFO  
Content root path: D:\软件\OkeyManage\OkeyManage
--------------------------------
2020-06-11 18:38:15,589| INFO  
Application started. Press Ctrl+C to shut down.
--------------------------------
2020-06-11 18:38:15,610| INFO  
Hosting environment: Development
--------------------------------
2020-06-11 18:38:15,612| INFO  
Content root path: D:\软件\OkeyManage\OkeyManage
--------------------------------
2020-06-11 18:39:42,715| INFO  
Application started. Press Ctrl+C to shut down.
--------------------------------
2020-06-11 18:39:42,728| INFO  
Hosting environment: Development
--------------------------------
2020-06-11 18:39:42,729| INFO  
Content root path: D:\软件\OkeyManage\OkeyManage
--------------------------------
2020-06-11 18:40:31,108| INFO  
Application started. Press Ctrl+C to shut down.
--------------------------------
2020-06-11 18:40:31,124| INFO  
Hosting environment: Development
--------------------------------
2020-06-11 18:40:31,125| INFO  
Content root path: D:\软件\OkeyManage\OkeyManage
--------------------------------
2020-06-11 18:41:47,562| INFO  
Application started. Press Ctrl+C to shut down.
--------------------------------
2020-06-11 18:41:47,582| INFO  
Hosting environment: Development
--------------------------------
2020-06-11 18:41:47,585| INFO  
Content root path: D:\软件\OkeyManage\OkeyManage
--------------------------------
2020-06-11 18:43:26,254| INFO  
Application started. Press Ctrl+C to shut down.
--------------------------------
2020-06-11 18:43:26,270| INFO  
Hosting environment: Development
--------------------------------
2020-06-11 18:43:26,272| INFO  
Content root path: D:\软件\OkeyManage\OkeyManage
--------------------------------
2020-06-11 18:45:23,727| INFO  
Application started. Press Ctrl+C to shut down.
--------------------------------
2020-06-11 18:45:23,739| INFO  
Hosting environment: Development
--------------------------------
2020-06-11 18:45:23,740| INFO  
Content root path: D:\软件\OkeyManage\OkeyManage
--------------------------------
2020-06-11 18:45:58,666| INFO  
Application started. Press Ctrl+C to shut down.
--------------------------------
2020-06-11 18:45:58,682| INFO  
Hosting environment: Development
--------------------------------
2020-06-11 18:45:58,683| INFO  
Content root path: D:\软件\OkeyManage\OkeyManage
--------------------------------
2020-06-11 18:57:20,449| INFO  
Application started. Press Ctrl+C to shut down.
--------------------------------
2020-06-11 18:57:20,471| INFO  
Hosting environment: Development
--------------------------------
2020-06-11 18:57:20,474| INFO  
Content root path: D:\软件\OkeyManage\OkeyManage
--------------------------------
2020-06-11 18:58:09,403| INFO  
Application started. Press Ctrl+C to shut down.
--------------------------------
2020-06-11 18:58:09,429| INFO  
Hosting environment: Development
--------------------------------
2020-06-11 18:58:09,432| INFO  
Content root path: D:\软件\OkeyManage\OkeyManage
--------------------------------
