2020-06-15 09:46:18,836| INFO  
Application started. Press Ctrl+C to shut down.
--------------------------------
2020-06-15 09:46:18,866| INFO  
Hosting environment: Development
--------------------------------
2020-06-15 09:46:18,868| INFO  
Content root path: D:\è½¯ä»¶\OkeyManage\OkeyManage
--------------------------------
2020-06-15 09:47:52,841| INFO  
Application started. Press Ctrl+C to shut down.
--------------------------------
2020-06-15 09:47:52,853| INFO  
Hosting environment: Development
--------------------------------
2020-06-15 09:47:52,854| INFO  
Content root path: D:\è½¯ä»¶\OkeyManage\OkeyManage
--------------------------------
2020-06-15 10:13:37,195| INFO  
Application started. Press Ctrl+C to shut down.
--------------------------------
2020-06-15 10:13:37,224| INFO  
Hosting environment: Development
--------------------------------
2020-06-15 10:13:37,229| INFO  
Content root path: D:\è½¯ä»¶\OkeyManage\OkeyManage
--------------------------------
2020-06-15 14:13:32,854| INFO  
Application started. Press Ctrl+C to shut down.
--------------------------------
2020-06-15 14:13:32,871| INFO  
Hosting environment: Development
--------------------------------
2020-06-15 14:13:32,880| INFO  
Content root path: D:\è½¯ä»¶\OkeyManage\OkeyManage
--------------------------------
2020-06-15 14:15:52,007| INFO  
Application started. Press Ctrl+C to shut down.
--------------------------------
2020-06-15 14:15:52,026| INFO  
Hosting environment: Development
--------------------------------
2020-06-15 14:15:52,037| INFO  
Content root path: D:\è½¯ä»¶\OkeyManage\OkeyManage
--------------------------------
2020-06-15 14:18:27,313| INFO  
Application started. Press Ctrl+C to shut down.
--------------------------------
2020-06-15 14:18:27,334| INFO  
Hosting environment: Development
--------------------------------
2020-06-15 14:18:27,336| INFO  
Content root path: D:\è½¯ä»¶\OkeyManage\OkeyManage
--------------------------------
2020-06-15 14:20:04,397| INFO  
Application started. Press Ctrl+C to shut down.
--------------------------------
2020-06-15 14:20:04,415| INFO  
Hosting environment: Development
--------------------------------
2020-06-15 14:20:04,427| INFO  
Content root path: D:\è½¯ä»¶\OkeyManage\OkeyManage
--------------------------------
2020-06-15 14:22:03,321| INFO  
Application started. Press Ctrl+C to shut down.
--------------------------------
2020-06-15 14:22:03,345| INFO  
Hosting environment: Development
--------------------------------
2020-06-15 14:22:03,348| INFO  
Content root path: D:\è½¯ä»¶\OkeyManage\OkeyManage
--------------------------------
2020-06-15 14:23:23,000| INFO  
Application started. Press Ctrl+C to shut down.
--------------------------------
2020-06-15 14:23:23,024| INFO  
Hosting environment: Development
--------------------------------
2020-06-15 14:23:23,033| INFO  
Content root path: D:\è½¯ä»¶\OkeyManage\OkeyManage
--------------------------------
2020-06-15 14:26:14,877| INFO  
Application started. Press Ctrl+C to shut down.
--------------------------------
2020-06-15 14:26:14,901| INFO  
Hosting environment: Development
--------------------------------
2020-06-15 14:26:14,903| INFO  
Content root path: D:\è½¯ä»¶\OkeyManage\OkeyManage
--------------------------------
2020-06-15 14:28:01,400| INFO  
Application started. Press Ctrl+C to shut down.
--------------------------------
2020-06-15 14:28:01,428| INFO  
Hosting environment: Development
--------------------------------
2020-06-15 14:28:01,431| INFO  
Content root path: D:\è½¯ä»¶\OkeyManage\OkeyManage
--------------------------------
2020-06-15 14:32:38,582| INFO  
Application started. Press Ctrl+C to shut down.
--------------------------------
2020-06-15 14:32:38,605| INFO  
Hosting environment: Development
--------------------------------
2020-06-15 14:32:38,611| INFO  
Content root path: D:\è½¯ä»¶\OkeyManage\OkeyManage
--------------------------------
2020-06-15 14:33:17,033| INFO  
Application started. Press Ctrl+C to shut down.
--------------------------------
2020-06-15 14:33:17,097| INFO  
Hosting environment: Development
--------------------------------
2020-06-15 14:33:17,099| INFO  
Content root path: D:\è½¯ä»¶\OkeyManage\OkeyManage
--------------------------------
2020-06-15 14:38:46,043| INFO  
Application started. Press Ctrl+C to shut down.
--------------------------------
2020-06-15 14:38:46,053| INFO  
Hosting environment: Development
--------------------------------
2020-06-15 14:38:46,055| INFO  
Content root path: D:\è½¯ä»¶\OkeyManage\OkeyManage
--------------------------------
2020-06-15 14:39:47,039| INFO  
Application started. Press Ctrl+C to shut down.
--------------------------------
2020-06-15 14:39:47,056| INFO  
Hosting environment: Development
--------------------------------
2020-06-15 14:39:47,059| INFO  
Content root path: D:\è½¯ä»¶\OkeyManage\OkeyManage
--------------------------------
2020-06-15 14:40:26,214| INFO  
Application started. Press Ctrl+C to shut down.
--------------------------------
2020-06-15 14:40:26,228| INFO  
Hosting environment: Development
--------------------------------
2020-06-15 14:40:26,230| INFO  
Content root path: D:\è½¯ä»¶\OkeyManage\OkeyManage
--------------------------------
2020-06-15 14:41:07,607| INFO  
Application started. Press Ctrl+C to shut down.
--------------------------------
2020-06-15 14:41:07,626| INFO  
Hosting environment: Development
--------------------------------
2020-06-15 14:41:07,628| INFO  
Content root path: D:\è½¯ä»¶\OkeyManage\OkeyManage
--------------------------------
2020-06-15 14:42:51,130| INFO  
Application started. Press Ctrl+C to shut down.
--------------------------------
2020-06-15 14:42:51,157| INFO  
Hosting environment: Development
--------------------------------
2020-06-15 14:42:51,159| INFO  
Content root path: D:\è½¯ä»¶\OkeyManage\OkeyManage
--------------------------------
2020-06-15 14:44:01,495| INFO  
Application started. Press Ctrl+C to shut down.
--------------------------------
2020-06-15 14:44:01,511| INFO  
Hosting environment: Development
--------------------------------
2020-06-15 14:44:01,514| INFO  
Content root path: D:\è½¯ä»¶\OkeyManage\OkeyManage
--------------------------------
2020-06-15 14:55:21,504| INFO  
Application started. Press Ctrl+C to shut down.
--------------------------------
2020-06-15 14:55:21,533| INFO  
Hosting environment: Development
--------------------------------
2020-06-15 14:55:21,536| INFO  
Content root path: D:\è½¯ä»¶\OkeyManage\OkeyManage
--------------------------------
2020-06-15 14:57:47,810| INFO  
Application started. Press Ctrl+C to shut down.
--------------------------------
2020-06-15 14:57:47,835| INFO  
Hosting environment: Development
--------------------------------
2020-06-15 14:57:47,838| INFO  
Content root path: D:\è½¯ä»¶\OkeyManage\OkeyManage
--------------------------------
2020-06-15 15:00:36,395| INFO  
Application started. Press Ctrl+C to shut down.
--------------------------------
2020-06-15 15:00:36,415| INFO  
Hosting environment: Development
--------------------------------
2020-06-15 15:00:36,417| INFO  
Content root path: D:\è½¯ä»¶\OkeyManage\OkeyManage
--------------------------------
2020-06-15 15:13:18,807| INFO  
Application started. Press Ctrl+C to shut down.
--------------------------------
2020-06-15 15:13:18,835| INFO  
Hosting environment: Development
--------------------------------
2020-06-15 15:13:18,838| INFO  
Content root path: D:\è½¯ä»¶\OkeyManage\OkeyManage
--------------------------------
2020-06-15 15:15:23,419| INFO  
Application started. Press Ctrl+C to shut down.
--------------------------------
2020-06-15 15:15:23,449| INFO  
Hosting environment: Development
--------------------------------
2020-06-15 15:15:23,452| INFO  
Content root path: D:\è½¯ä»¶\OkeyManage\OkeyManage
--------------------------------
2020-06-15 15:16:03,007| INFO  
Application started. Press Ctrl+C to shut down.
--------------------------------
2020-06-15 15:16:03,022| INFO  
Hosting environment: Development
--------------------------------
2020-06-15 15:16:03,024| INFO  
Content root path: D:\è½¯ä»¶\OkeyManage\OkeyManage
--------------------------------
2020-06-15 15:18:57,287| INFO  
Application started. Press Ctrl+C to shut down.
--------------------------------
2020-06-15 15:18:57,308| INFO  
Hosting environment: Development
--------------------------------
2020-06-15 15:18:57,310| INFO  
Content root path: D:\è½¯ä»¶\OkeyManage\OkeyManage
--------------------------------
2020-06-15 15:19:46,862| INFO  
Application started. Press Ctrl+C to shut down.
--------------------------------
2020-06-15 15:19:46,884| INFO  
Hosting environment: Development
--------------------------------
2020-06-15 15:19:46,887| INFO  
Content root path: D:\è½¯ä»¶\OkeyManage\OkeyManage
--------------------------------
2020-06-15 15:26:48,338| INFO  
Application started. Press Ctrl+C to shut down.
--------------------------------
2020-06-15 15:26:48,352| INFO  
Hosting environment: Development
--------------------------------
2020-06-15 15:26:48,355| INFO  
Content root path: D:\è½¯ä»¶\OkeyManage\OkeyManage
--------------------------------
2020-06-15 15:27:52,948| INFO  
Application started. Press Ctrl+C to shut down.
--------------------------------
2020-06-15 15:27:52,963| INFO  
Hosting environment: Development
--------------------------------
2020-06-15 15:27:52,965| INFO  
Content root path: D:\è½¯ä»¶\OkeyManage\OkeyManage
--------------------------------
2020-06-15 15:28:24,684| INFO  
Application started. Press Ctrl+C to shut down.
--------------------------------
2020-06-15 15:28:24,710| INFO  
Hosting environment: Development
--------------------------------
2020-06-15 15:28:24,713| INFO  
Content root path: D:\è½¯ä»¶\OkeyManage\OkeyManage
--------------------------------
2020-06-15 15:33:25,379| INFO  
Application started. Press Ctrl+C to shut down.
--------------------------------
2020-06-15 15:33:25,398| INFO  
Hosting environment: Development
--------------------------------
2020-06-15 15:33:25,400| INFO  
Content root path: D:\è½¯ä»¶\OkeyManage\OkeyManage
--------------------------------
2020-06-15 15:33:48,975| INFO  
Application started. Press Ctrl+C to shut down.
--------------------------------
2020-06-15 15:33:48,991| INFO  
Hosting environment: Development
--------------------------------
2020-06-15 15:33:48,993| INFO  
Content root path: D:\è½¯ä»¶\OkeyManage\OkeyManage
--------------------------------
2020-06-15 15:35:36,329| INFO  
Application started. Press Ctrl+C to shut down.
--------------------------------
2020-06-15 15:35:36,368| INFO  
Hosting environment: Development
--------------------------------
2020-06-15 15:35:36,369| INFO  
Content root path: D:\è½¯ä»¶\OkeyManage\OkeyManage
--------------------------------
2020-06-15 15:38:22,796| INFO  
Application started. Press Ctrl+C to shut down.
--------------------------------
2020-06-15 15:38:22,807| INFO  
Hosting environment: Development
--------------------------------
2020-06-15 15:38:22,812| INFO  
Content root path: D:\è½¯ä»¶\OkeyManage\OkeyManage
--------------------------------
2020-06-15 15:39:06,845| INFO  
Application started. Press Ctrl+C to shut down.
--------------------------------
2020-06-15 15:39:06,881| INFO  
Hosting environment: Development
--------------------------------
2020-06-15 15:39:06,883| INFO  
Content root path: D:\è½¯ä»¶\OkeyManage\OkeyManage
--------------------------------
2020-06-15 15:41:04,722| INFO  
Application started. Press Ctrl+C to shut down.
--------------------------------
2020-06-15 15:41:04,737| INFO  
Hosting environment: Development
--------------------------------
2020-06-15 15:41:04,740| INFO  
Content root path: D:\è½¯ä»¶\OkeyManage\OkeyManage
--------------------------------
2020-06-15 15:41:50,552| INFO  
Application started. Press Ctrl+C to shut down.
--------------------------------
2020-06-15 15:41:50,574| INFO  
Hosting environment: Development
--------------------------------
2020-06-15 15:41:50,576| INFO  
Content root path: D:\è½¯ä»¶\OkeyManage\OkeyManage
--------------------------------
2020-06-15 15:43:41,314| INFO  
Application started. Press Ctrl+C to shut down.
--------------------------------
2020-06-15 15:43:41,333| INFO  
Hosting environment: Development
--------------------------------
2020-06-15 15:43:41,343| INFO  
Content root path: D:\è½¯ä»¶\OkeyManage\OkeyManage
--------------------------------
2020-06-15 15:44:16,958| INFO  
Application started. Press Ctrl+C to shut down.
--------------------------------
2020-06-15 15:44:16,986| INFO  
Hosting environment: Development
--------------------------------
2020-06-15 15:44:16,988| INFO  
Content root path: D:\è½¯ä»¶\OkeyManage\OkeyManage
--------------------------------
2020-06-15 15:48:28,944| INFO  
Application started. Press Ctrl+C to shut down.
--------------------------------
2020-06-15 15:48:28,977| INFO  
Hosting environment: Development
--------------------------------
2020-06-15 15:48:28,980| INFO  
Content root path: D:\è½¯ä»¶\OkeyManage\OkeyManage
--------------------------------
2020-06-15 15:48:46,048| INFO  
Application started. Press Ctrl+C to shut down.
--------------------------------
2020-06-15 15:48:46,065| INFO  
Hosting environment: Development
--------------------------------
2020-06-15 15:48:46,067| INFO  
Content root path: D:\è½¯ä»¶\OkeyManage\OkeyManage
--------------------------------
2020-06-15 15:52:31,906| INFO  
Application started. Press Ctrl+C to shut down.
--------------------------------
2020-06-15 15:52:31,916| INFO  
Hosting environment: Development
--------------------------------
2020-06-15 15:52:31,918| INFO  
Content root path: D:\è½¯ä»¶\OkeyManage\OkeyManage
--------------------------------
2020-06-15 15:54:25,372| INFO  
Application started. Press Ctrl+C to shut down.
--------------------------------
2020-06-15 15:54:25,393| INFO  
Hosting environment: Development
--------------------------------
2020-06-15 15:54:25,401| INFO  
Content root path: D:\è½¯ä»¶\OkeyManage\OkeyManage
--------------------------------
2020-06-15 15:57:36,347| INFO  
Application started. Press Ctrl+C to shut down.
--------------------------------
2020-06-15 15:57:36,361| INFO  
Hosting environment: Development
--------------------------------
2020-06-15 15:57:36,362| INFO  
Content root path: D:\è½¯ä»¶\OkeyManage\OkeyManage
--------------------------------
2020-06-15 16:02:18,565| INFO  
Application started. Press Ctrl+C to shut down.
--------------------------------
2020-06-15 16:02:18,580| INFO  
Hosting environment: Development
--------------------------------
2020-06-15 16:02:18,582| INFO  
Content root path: D:\è½¯ä»¶\OkeyManage\OkeyManage
--------------------------------
2020-06-15 16:03:10,764| INFO  
Application started. Press Ctrl+C to shut down.
--------------------------------
2020-06-15 16:03:10,773| INFO  
Hosting environment: Development
--------------------------------
2020-06-15 16:03:10,779| INFO  
Content root path: D:\è½¯ä»¶\OkeyManage\OkeyManage
--------------------------------
2020-06-15 16:04:31,822| INFO  
Application started. Press Ctrl+C to shut down.
--------------------------------
2020-06-15 16:04:31,869| INFO  
Hosting environment: Development
--------------------------------
2020-06-15 16:04:31,871| INFO  
Content root path: D:\è½¯ä»¶\OkeyManage\OkeyManage
--------------------------------
2020-06-15 16:05:41,235| INFO  
Application started. Press Ctrl+C to shut down.
--------------------------------
2020-06-15 16:05:41,250| INFO  
Hosting environment: Development
--------------------------------
2020-06-15 16:05:41,252| INFO  
Content root path: D:\è½¯ä»¶\OkeyManage\OkeyManage
--------------------------------
2020-06-15 16:06:20,095| INFO  
Application started. Press Ctrl+C to shut down.
--------------------------------
2020-06-15 16:06:20,109| INFO  
Hosting environment: Development
--------------------------------
2020-06-15 16:06:20,112| INFO  
Content root path: D:\è½¯ä»¶\OkeyManage\OkeyManage
--------------------------------
2020-06-15 16:08:35,131| INFO  
Application started. Press Ctrl+C to shut down.
--------------------------------
2020-06-15 16:08:35,151| INFO  
Hosting environment: Development
--------------------------------
2020-06-15 16:08:35,156| INFO  
Content root path: D:\è½¯ä»¶\OkeyManage\OkeyManage
--------------------------------
2020-06-15 16:18:00,734| INFO  
Application started. Press Ctrl+C to shut down.
--------------------------------
2020-06-15 16:18:00,753| INFO  
Hosting environment: Development
--------------------------------
2020-06-15 16:18:00,755| INFO  
Content root path: D:\è½¯ä»¶\OkeyManage\OkeyManage
--------------------------------
2020-06-15 16:22:07,705| INFO  
Application started. Press Ctrl+C to shut down.
--------------------------------
2020-06-15 16:22:07,721| INFO  
Hosting environment: Development
--------------------------------
2020-06-15 16:22:07,723| INFO  
Content root path: D:\è½¯ä»¶\OkeyManage\OkeyManage
--------------------------------
2020-06-15 16:35:09,314| INFO  
Application started. Press Ctrl+C to shut down.
--------------------------------
2020-06-15 16:35:09,328| INFO  
Hosting environment: Development
--------------------------------
2020-06-15 16:35:09,329| INFO  
Content root path: D:\è½¯ä»¶\OkeyManage\OkeyManage
--------------------------------
2020-06-15 16:38:11,063| INFO  
Application started. Press Ctrl+C to shut down.
--------------------------------
2020-06-15 16:38:11,082| INFO  
Hosting environment: Development
--------------------------------
2020-06-15 16:38:11,085| INFO  
Content root path: D:\è½¯ä»¶\OkeyManage\OkeyManage
--------------------------------
2020-06-15 16:41:23,867| INFO  
Application started. Press Ctrl+C to shut down.
--------------------------------
2020-06-15 16:41:23,884| INFO  
Hosting environment: Development
--------------------------------
2020-06-15 16:41:23,885| INFO  
Content root path: D:\è½¯ä»¶\OkeyManage\OkeyManage
--------------------------------
2020-06-15 16:48:29,546| INFO  
Application started. Press Ctrl+C to shut down.
--------------------------------
2020-06-15 16:48:29,567| INFO  
Hosting environment: Development
--------------------------------
2020-06-15 16:48:29,569| INFO  
Content root path: D:\è½¯ä»¶\OkeyManage\OkeyManage
--------------------------------
2020-06-15 16:52:25,354| INFO  
Application started. Press Ctrl+C to shut down.
--------------------------------
2020-06-15 16:52:25,378| INFO  
Hosting environment: Development
--------------------------------
2020-06-15 16:52:25,381| INFO  
Content root path: D:\è½¯ä»¶\OkeyManage\OkeyManage
--------------------------------
2020-06-15 16:53:35,426| INFO  
Application started. Press Ctrl+C to shut down.
--------------------------------
2020-06-15 16:53:35,438| INFO  
Hosting environment: Development
--------------------------------
2020-06-15 16:53:35,444| INFO  
Content root path: D:\è½¯ä»¶\OkeyManage\OkeyManage
--------------------------------
2020-06-15 16:57:57,858| INFO  
Application started. Press Ctrl+C to shut down.
--------------------------------
2020-06-15 16:57:57,877| INFO  
Hosting environment: Development
--------------------------------
2020-06-15 16:57:57,879| INFO  
Content root path: D:\è½¯ä»¶\OkeyManage\OkeyManage
--------------------------------
2020-06-15 16:59:43,106| INFO  
Application started. Press Ctrl+C to shut down.
--------------------------------
2020-06-15 16:59:43,128| INFO  
Hosting environment: Development
--------------------------------
2020-06-15 16:59:43,130| INFO  
Content root path: D:\è½¯ä»¶\OkeyManage\OkeyManage
--------------------------------
2020-06-15 17:03:16,447| INFO  
Application started. Press Ctrl+C to shut down.
--------------------------------
2020-06-15 17:03:16,470| INFO  
Hosting environment: Development
--------------------------------
2020-06-15 17:03:16,473| INFO  
Content root path: D:\è½¯ä»¶\OkeyManage\OkeyManage
--------------------------------
2020-06-15 17:10:50,407| INFO  
Application started. Press Ctrl+C to shut down.
--------------------------------
2020-06-15 17:10:50,438| INFO  
Hosting environment: Development
--------------------------------
2020-06-15 17:10:50,442| INFO  
Content root path: D:\è½¯ä»¶\OkeyManage\OkeyManage
--------------------------------
2020-06-15 17:11:42,743| INFO  
Application started. Press Ctrl+C to shut down.
--------------------------------
2020-06-15 17:11:42,766| INFO  
Hosting environment: Development
--------------------------------
2020-06-15 17:11:42,769| INFO  
Content root path: D:\è½¯ä»¶\OkeyManage\OkeyManage
--------------------------------
2020-06-15 17:17:21,529| INFO  
Application started. Press Ctrl+C to shut down.
--------------------------------
2020-06-15 17:17:21,554| INFO  
Hosting environment: Development
--------------------------------
2020-06-15 17:17:21,556| INFO  
Content root path: D:\è½¯ä»¶\OkeyManage\OkeyManage
--------------------------------
2020-06-15 17:19:01,087| INFO  
Application started. Press Ctrl+C to shut down.
--------------------------------
2020-06-15 17:19:01,104| INFO  
Hosting environment: Development
--------------------------------
2020-06-15 17:19:01,106| INFO  
Content root path: D:\è½¯ä»¶\OkeyManage\OkeyManage
--------------------------------
2020-06-15 17:19:43,880| INFO  
Application started. Press Ctrl+C to shut down.
--------------------------------
2020-06-15 17:19:43,901| INFO  
Hosting environment: Development
--------------------------------
2020-06-15 17:19:43,903| INFO  
Content root path: D:\è½¯ä»¶\OkeyManage\OkeyManage
--------------------------------
2020-06-15 17:21:35,724| INFO  
Application started. Press Ctrl+C to shut down.
--------------------------------
2020-06-15 17:21:35,747| INFO  
Hosting environment: Development
--------------------------------
2020-06-15 17:21:35,750| INFO  
Content root path: D:\Èí¼þ\OkeyManage\OkeyManage
--------------------------------
2020-06-15 17:24:47,451| INFO  
Application started. Press Ctrl+C to shut down.
--------------------------------
2020-06-15 17:24:47,472| INFO  
Hosting environment: Development
--------------------------------
2020-06-15 17:24:47,475| INFO  
Content root path: D:\Èí¼þ\OkeyManage\OkeyManage
--------------------------------
2020-06-15 17:27:37,031| INFO  
Application started. Press Ctrl+C to shut down.
--------------------------------
2020-06-15 17:27:37,051| INFO  
Hosting environment: Development
--------------------------------
2020-06-15 17:27:37,052| INFO  
Content root path: D:\Èí¼þ\OkeyManage\OkeyManage
--------------------------------
2020-06-15 17:29:04,922| INFO  
Application started. Press Ctrl+C to shut down.
--------------------------------
2020-06-15 17:29:04,937| INFO  
Hosting environment: Development
--------------------------------
2020-06-15 17:29:04,939| INFO  
Content root path: D:\Èí¼þ\OkeyManage\OkeyManage
--------------------------------
2020-06-15 17:33:56,819| INFO  
Application started. Press Ctrl+C to shut down.
--------------------------------
2020-06-15 17:33:56,839| INFO  
Hosting environment: Development
--------------------------------
2020-06-15 17:33:56,842| INFO  
Content root path: D:\è½¯ä»¶\OkeyManage\OkeyManage
--------------------------------
2020-06-15 17:35:04,894| INFO  
Application started. Press Ctrl+C to shut down.
--------------------------------
2020-06-15 17:35:04,917| INFO  
Hosting environment: Development
--------------------------------
2020-06-15 17:35:04,919| INFO  
Content root path: D:\è½¯ä»¶\OkeyManage\OkeyManage
--------------------------------
2020-06-15 17:36:05,638| INFO  
Application started. Press Ctrl+C to shut down.
--------------------------------
2020-06-15 17:36:05,652| INFO  
Hosting environment: Development
--------------------------------
2020-06-15 17:36:05,659| INFO  
Content root path: D:\Èí¼þ\OkeyManage\OkeyManage
--------------------------------
2020-06-15 17:39:54,087| INFO  
Application started. Press Ctrl+C to shut down.
--------------------------------
2020-06-15 17:39:54,105| INFO  
Hosting environment: Development
--------------------------------
2020-06-15 17:39:54,107| INFO  
Content root path: D:\Èí¼þ\OkeyManage\OkeyManage
--------------------------------
2020-06-15 17:46:09,906| INFO  
Application started. Press Ctrl+C to shut down.
--------------------------------
2020-06-15 17:46:09,924| INFO  
Hosting environment: Development
--------------------------------
2020-06-15 17:46:09,933| INFO  
Content root path: D:\Èí¼þ\OkeyManage\OkeyManage
--------------------------------
2020-06-15 17:47:37,353| INFO  
Application started. Press Ctrl+C to shut down.
--------------------------------
2020-06-15 17:47:37,370| INFO  
Hosting environment: Development
--------------------------------
2020-06-15 17:47:37,371| INFO  
Content root path: D:\Èí¼þ\OkeyManage\OkeyManage
--------------------------------
2020-06-15 17:50:24,797| INFO  
Application started. Press Ctrl+C to shut down.
--------------------------------
2020-06-15 17:50:24,807| INFO  
Hosting environment: Development
--------------------------------
2020-06-15 17:50:24,813| INFO  
Content root path: D:\Èí¼þ\OkeyManage\OkeyManage
--------------------------------
2020-06-15 17:51:11,127| INFO  
Application started. Press Ctrl+C to shut down.
--------------------------------
2020-06-15 17:51:11,142| INFO  
Hosting environment: Development
--------------------------------
2020-06-15 17:51:11,151| INFO  
Content root path: D:\Èí¼þ\OkeyManage\OkeyManage
--------------------------------
2020-06-15 17:52:15,694| INFO  
Application started. Press Ctrl+C to shut down.
--------------------------------
2020-06-15 17:52:15,716| INFO  
Hosting environment: Development
--------------------------------
2020-06-15 17:52:15,718| INFO  
Content root path: D:\Èí¼þ\OkeyManage\OkeyManage
--------------------------------
2020-06-15 17:53:12,004| INFO  
Application started. Press Ctrl+C to shut down.
--------------------------------
2020-06-15 17:53:12,024| INFO  
Hosting environment: Development
--------------------------------
2020-06-15 17:53:12,026| INFO  
Content root path: D:\Èí¼þ\OkeyManage\OkeyManage
--------------------------------
2020-06-15 18:17:28,535| INFO  
Application started. Press Ctrl+C to shut down.
--------------------------------
2020-06-15 18:17:28,561| INFO  
Hosting environment: Development
--------------------------------
2020-06-15 18:17:28,563| INFO  
Content root path: D:\Èí¼þ\OkeyManage\OkeyManage
--------------------------------
2020-06-15 18:20:55,282| INFO  
Application started. Press Ctrl+C to shut down.
--------------------------------
2020-06-15 18:20:55,308| INFO  
Hosting environment: Development
--------------------------------
2020-06-15 18:20:55,343| INFO  
Content root path: D:\Èí¼þ\OkeyManage\OkeyManage
--------------------------------
2020-06-15 18:26:31,513| INFO  
Application started. Press Ctrl+C to shut down.
--------------------------------
2020-06-15 18:26:31,527| INFO  
Hosting environment: Development
--------------------------------
2020-06-15 18:26:31,528| INFO  
Content root path: D:\Èí¼þ\OkeyManage\OkeyManage
--------------------------------
2020-06-15 18:27:46,675| INFO  
Application started. Press Ctrl+C to shut down.
--------------------------------
2020-06-15 18:27:46,699| INFO  
Hosting environment: Development
--------------------------------
2020-06-15 18:27:46,702| INFO  
Content root path: D:\Èí¼þ\OkeyManage\OkeyManage
--------------------------------
2020-06-15 18:31:24,355| INFO  
Application started. Press Ctrl+C to shut down.
--------------------------------
2020-06-15 18:31:24,392| INFO  
Hosting environment: Development
--------------------------------
2020-06-15 18:31:24,395| INFO  
Content root path: D:\Èí¼þ\OkeyManage\OkeyManage
--------------------------------
2020-06-15 18:39:39,934| INFO  
Application started. Press Ctrl+C to shut down.
--------------------------------
2020-06-15 18:39:39,949| INFO  
Hosting environment: Development
--------------------------------
2020-06-15 18:39:39,953| INFO  
Content root path: D:\Èí¼þ\OkeyManage\OkeyManage
--------------------------------
2020-06-15 18:43:28,110| INFO  
Application started. Press Ctrl+C to shut down.
--------------------------------
2020-06-15 18:43:28,130| INFO  
Hosting environment: Development
--------------------------------
2020-06-15 18:43:28,133| INFO  
Content root path: D:\Èí¼þ\OkeyManage\OkeyManage
--------------------------------
2020-06-15 18:46:03,835| INFO  
Application started. Press Ctrl+C to shut down.
--------------------------------
2020-06-15 18:46:03,856| INFO  
Hosting environment: Development
--------------------------------
2020-06-15 18:46:03,879| INFO  
Content root path: D:\Èí¼þ\OkeyManage\OkeyManage
--------------------------------
2020-06-15 18:48:05,877| INFO  
Application started. Press Ctrl+C to shut down.
--------------------------------
2020-06-15 18:48:05,892| INFO  
Hosting environment: Development
--------------------------------
2020-06-15 18:48:05,895| INFO  
Content root path: D:\Èí¼þ\OkeyManage\OkeyManage
--------------------------------
2020-06-15 18:53:22,756| INFO  
Application started. Press Ctrl+C to shut down.
--------------------------------
2020-06-15 18:53:22,773| INFO  
Hosting environment: Development
--------------------------------
2020-06-15 18:53:22,775| INFO  
Content root path: D:\Èí¼þ\OkeyManage\OkeyManage
--------------------------------
