2020-06-16 09:58:56,662| INFO  
Application started. Press Ctrl+C to shut down.
--------------------------------
2020-06-16 09:58:56,690| INFO  
Hosting environment: Development
--------------------------------
2020-06-16 09:58:56,696| INFO  
Content root path: D:\软件\OkeyManage\OkeyManage
--------------------------------
2020-06-16 10:01:30,418| INFO  
Application started. Press Ctrl+C to shut down.
--------------------------------
2020-06-16 10:01:30,452| INFO  
Hosting environment: Development
--------------------------------
2020-06-16 10:01:30,456| INFO  
Content root path: D:\软件\OkeyManage\OkeyManage
--------------------------------
2020-06-16 10:02:08,364| INFO  
Application started. Press Ctrl+C to shut down.
--------------------------------
2020-06-16 10:02:08,391| INFO  
Hosting environment: Development
--------------------------------
2020-06-16 10:02:08,394| INFO  
Content root path: D:\软件\OkeyManage\OkeyManage
--------------------------------
2020-06-16 10:04:03,646| INFO  
Application started. Press Ctrl+C to shut down.
--------------------------------
2020-06-16 10:04:03,686| INFO  
Hosting environment: Development
--------------------------------
2020-06-16 10:04:03,707| INFO  
Content root path: D:\软件\OkeyManage\OkeyManage
--------------------------------
2020-06-16 10:05:16,395| INFO  
Application started. Press Ctrl+C to shut down.
--------------------------------
2020-06-16 10:05:16,445| INFO  
Hosting environment: Development
--------------------------------
2020-06-16 10:05:16,454| INFO  
Content root path: D:\软件\OkeyManage\OkeyManage
--------------------------------
2020-06-16 10:06:10,462| INFO  
Application started. Press Ctrl+C to shut down.
--------------------------------
2020-06-16 10:06:10,527| INFO  
Hosting environment: Development
--------------------------------
2020-06-16 10:06:10,535| INFO  
Content root path: D:\软件\OkeyManage\OkeyManage
--------------------------------
2020-06-16 10:07:16,457| INFO  
Application started. Press Ctrl+C to shut down.
--------------------------------
2020-06-16 10:07:16,506| INFO  
Hosting environment: Development
--------------------------------
2020-06-16 10:07:16,509| INFO  
Content root path: D:\软件\OkeyManage\OkeyManage
--------------------------------
2020-06-16 10:08:19,067| INFO  
Application started. Press Ctrl+C to shut down.
--------------------------------
2020-06-16 10:08:19,087| INFO  
Hosting environment: Development
--------------------------------
2020-06-16 10:08:19,090| INFO  
Content root path: D:\软件\OkeyManage\OkeyManage
--------------------------------
2020-06-16 10:11:14,805| INFO  
Application started. Press Ctrl+C to shut down.
--------------------------------
2020-06-16 10:11:14,822| INFO  
Hosting environment: Development
--------------------------------
2020-06-16 10:11:14,824| INFO  
Content root path: D:\软件\OkeyManage\OkeyManage
--------------------------------
2020-06-16 10:12:07,014| INFO  
Application started. Press Ctrl+C to shut down.
--------------------------------
2020-06-16 10:12:07,036| INFO  
Hosting environment: Development
--------------------------------
2020-06-16 10:12:07,046| INFO  
Content root path: D:\软件\OkeyManage\OkeyManage
--------------------------------
2020-06-16 10:13:41,206| INFO  
Application started. Press Ctrl+C to shut down.
--------------------------------
2020-06-16 10:13:41,235| INFO  
Hosting environment: Development
--------------------------------
2020-06-16 10:13:41,238| INFO  
Content root path: D:\软件\OkeyManage\OkeyManage
--------------------------------
2020-06-16 10:16:09,460| INFO  
Application started. Press Ctrl+C to shut down.
--------------------------------
2020-06-16 10:16:09,479| INFO  
Hosting environment: Development
--------------------------------
2020-06-16 10:16:09,484| INFO  
Content root path: D:\软件\OkeyManage\OkeyManage
--------------------------------
2020-06-16 10:18:05,884| INFO  
Application started. Press Ctrl+C to shut down.
--------------------------------
2020-06-16 10:18:05,911| INFO  
Hosting environment: Development
--------------------------------
2020-06-16 10:18:05,915| INFO  
Content root path: D:\软件\OkeyManage\OkeyManage
--------------------------------
2020-06-16 10:19:14,057| INFO  
Application started. Press Ctrl+C to shut down.
--------------------------------
2020-06-16 10:19:14,087| INFO  
Hosting environment: Development
--------------------------------
2020-06-16 10:19:14,089| INFO  
Content root path: D:\软件\OkeyManage\OkeyManage
--------------------------------
2020-06-16 10:22:28,120| INFO  
Application started. Press Ctrl+C to shut down.
--------------------------------
2020-06-16 10:22:28,147| INFO  
Hosting environment: Development
--------------------------------
2020-06-16 10:22:28,150| INFO  
Content root path: D:\软件\OkeyManage\OkeyManage
--------------------------------
2020-06-16 15:12:07,424| INFO  
Application started. Press Ctrl+C to shut down.
--------------------------------
2020-06-16 15:12:07,445| INFO  
Hosting environment: Development
--------------------------------
2020-06-16 15:12:07,448| INFO  
Content root path: D:\软件\OkeyManage\OkeyManage
--------------------------------
2020-06-16 15:14:19,923| INFO  
Application started. Press Ctrl+C to shut down.
--------------------------------
2020-06-16 15:14:19,947| INFO  
Hosting environment: Development
--------------------------------
2020-06-16 15:14:19,958| INFO  
Content root path: D:\软件\OkeyManage\OkeyManage
--------------------------------
2020-06-16 15:15:46,951| INFO  
Application started. Press Ctrl+C to shut down.
--------------------------------
2020-06-16 15:15:46,972| INFO  
Hosting environment: Development
--------------------------------
2020-06-16 15:15:46,976| INFO  
Content root path: D:\软件\OkeyManage\OkeyManage
--------------------------------
2020-06-16 15:17:28,591| INFO  
Application started. Press Ctrl+C to shut down.
--------------------------------
2020-06-16 15:17:28,624| INFO  
Hosting environment: Development
--------------------------------
2020-06-16 15:17:28,633| INFO  
Content root path: D:\软件\OkeyManage\OkeyManage
--------------------------------
2020-06-16 15:19:23,872| INFO  
Application started. Press Ctrl+C to shut down.
--------------------------------
2020-06-16 15:19:23,913| INFO  
Hosting environment: Development
--------------------------------
2020-06-16 15:19:23,917| INFO  
Content root path: D:\软件\OkeyManage\OkeyManage
--------------------------------
2020-06-16 15:22:33,986| INFO  
Application started. Press Ctrl+C to shut down.
--------------------------------
2020-06-16 15:22:34,015| INFO  
Hosting environment: Development
--------------------------------
2020-06-16 15:22:34,019| INFO  
Content root path: D:\软件\OkeyManage\OkeyManage
--------------------------------
2020-06-16 15:26:36,269| INFO  
Application started. Press Ctrl+C to shut down.
--------------------------------
2020-06-16 15:26:36,288| INFO  
Hosting environment: Development
--------------------------------
2020-06-16 15:26:36,291| INFO  
Content root path: D:\软件\OkeyManage\OkeyManage
--------------------------------
2020-06-16 15:30:53,178| INFO  
Application started. Press Ctrl+C to shut down.
--------------------------------
2020-06-16 15:30:53,197| INFO  
Hosting environment: Development
--------------------------------
2020-06-16 15:30:53,211| INFO  
Content root path: D:\软件\OkeyManage\OkeyManage
--------------------------------
2020-06-16 15:32:57,430| INFO  
Application started. Press Ctrl+C to shut down.
--------------------------------
2020-06-16 15:32:57,457| INFO  
Hosting environment: Development
--------------------------------
2020-06-16 15:32:57,459| INFO  
Content root path: D:\软件\OkeyManage\OkeyManage
--------------------------------
2020-06-16 15:42:36,554| INFO  
Application started. Press Ctrl+C to shut down.
--------------------------------
2020-06-16 15:42:36,574| INFO  
Hosting environment: Development
--------------------------------
2020-06-16 15:42:36,583| INFO  
Content root path: D:\软件\OkeyManage\OkeyManage
--------------------------------
2020-06-16 15:46:16,821| INFO  
Application started. Press Ctrl+C to shut down.
--------------------------------
2020-06-16 15:46:16,845| INFO  
Hosting environment: Development
--------------------------------
2020-06-16 15:46:16,848| INFO  
Content root path: D:\软件\OkeyManage\OkeyManage
--------------------------------
2020-06-16 15:50:21,404| INFO  
Application started. Press Ctrl+C to shut down.
--------------------------------
2020-06-16 15:50:21,435| INFO  
Hosting environment: Development
--------------------------------
2020-06-16 15:50:21,438| INFO  
Content root path: D:\软件\OkeyManage\OkeyManage
--------------------------------
2020-06-16 15:53:33,086| INFO  
Application started. Press Ctrl+C to shut down.
--------------------------------
2020-06-16 15:53:33,116| INFO  
Hosting environment: Development
--------------------------------
2020-06-16 15:53:33,118| INFO  
Content root path: D:\软件\OkeyManage\OkeyManage
--------------------------------
2020-06-16 15:58:11,635| INFO  
Application started. Press Ctrl+C to shut down.
--------------------------------
2020-06-16 15:58:11,654| INFO  
Hosting environment: Development
--------------------------------
2020-06-16 15:58:11,659| INFO  
Content root path: D:\软件\OkeyManage\OkeyManage
--------------------------------
2020-06-16 17:38:04,429| INFO  
Application started. Press Ctrl+C to shut down.
--------------------------------
2020-06-16 17:38:04,452| INFO  
Hosting environment: Development
--------------------------------
2020-06-16 17:38:04,454| INFO  
Content root path: D:\软件\OkeyManage\OkeyManage
--------------------------------
2020-06-16 17:39:04,281| INFO  
Application started. Press Ctrl+C to shut down.
--------------------------------
2020-06-16 17:39:04,300| INFO  
Hosting environment: Development
--------------------------------
2020-06-16 17:39:04,303| INFO  
Content root path: D:\软件\OkeyManage\OkeyManage
--------------------------------
2020-06-16 17:41:30,775| INFO  
Application started. Press Ctrl+C to shut down.
--------------------------------
2020-06-16 17:41:30,795| INFO  
Hosting environment: Development
--------------------------------
2020-06-16 17:41:30,796| INFO  
Content root path: D:\软件\OkeyManage\OkeyManage
--------------------------------
2020-06-16 17:51:27,470| INFO  
Application started. Press Ctrl+C to shut down.
--------------------------------
2020-06-16 17:51:27,491| INFO  
Hosting environment: Development
--------------------------------
2020-06-16 17:51:27,493| INFO  
Content root path: D:\软件\OkeyManage\OkeyManage
--------------------------------
2020-06-16 17:52:31,385| INFO  
Application started. Press Ctrl+C to shut down.
--------------------------------
2020-06-16 17:52:31,402| INFO  
Hosting environment: Development
--------------------------------
2020-06-16 17:52:31,404| INFO  
Content root path: D:\软件\OkeyManage\OkeyManage
--------------------------------
2020-06-16 17:57:36,174| INFO  
Application started. Press Ctrl+C to shut down.
--------------------------------
2020-06-16 17:57:36,199| INFO  
Hosting environment: Development
--------------------------------
2020-06-16 17:57:36,202| INFO  
Content root path: D:\软件\OkeyManage\OkeyManage
--------------------------------
2020-06-16 18:01:19,675| INFO  
Application started. Press Ctrl+C to shut down.
--------------------------------
2020-06-16 18:01:19,723| INFO  
Hosting environment: Development
--------------------------------
2020-06-16 18:01:19,726| INFO  
Content root path: D:\软件\OkeyManage\OkeyManage
--------------------------------
2020-06-16 18:10:29,499| INFO  
Application started. Press Ctrl+C to shut down.
--------------------------------
2020-06-16 18:10:29,523| INFO  
Hosting environment: Development
--------------------------------
2020-06-16 18:10:29,525| INFO  
Content root path: D:\软件\OkeyManage\OkeyManage
--------------------------------
2020-06-16 18:12:16,684| INFO  
Application started. Press Ctrl+C to shut down.
--------------------------------
2020-06-16 18:12:16,705| INFO  
Hosting environment: Development
--------------------------------
2020-06-16 18:12:16,713| INFO  
Content root path: D:\软件\OkeyManage\OkeyManage
--------------------------------
2020-06-16 18:26:19,504| INFO  
Application started. Press Ctrl+C to shut down.
--------------------------------
2020-06-16 18:26:19,524| INFO  
Hosting environment: Development
--------------------------------
2020-06-16 18:26:19,530| INFO  
Content root path: D:\软件\OkeyManage\OkeyManage
--------------------------------
2020-06-16 18:28:09,521| INFO  
Application started. Press Ctrl+C to shut down.
--------------------------------
2020-06-16 18:28:09,561| INFO  
Hosting environment: Development
--------------------------------
2020-06-16 18:28:09,564| INFO  
Content root path: D:\软件\OkeyManage\OkeyManage
--------------------------------
2020-06-16 18:30:17,311| INFO  
Application started. Press Ctrl+C to shut down.
--------------------------------
2020-06-16 18:30:17,326| INFO  
Hosting environment: Development
--------------------------------
2020-06-16 18:30:17,329| INFO  
Content root path: D:\软件\OkeyManage\OkeyManage
--------------------------------
2020-06-16 18:36:11,643| INFO  
Application started. Press Ctrl+C to shut down.
--------------------------------
2020-06-16 18:36:11,671| INFO  
Hosting environment: Development
--------------------------------
2020-06-16 18:36:11,675| INFO  
Content root path: D:\软件\OkeyManage\OkeyManage
--------------------------------
2020-06-16 18:37:50,224| INFO  
Application started. Press Ctrl+C to shut down.
--------------------------------
2020-06-16 18:37:50,247| INFO  
Hosting environment: Development
--------------------------------
2020-06-16 18:37:50,249| INFO  
Content root path: D:\软件\OkeyManage\OkeyManage
--------------------------------
2020-06-16 18:41:19,534| INFO  
Application started. Press Ctrl+C to shut down.
--------------------------------
2020-06-16 18:41:19,580| INFO  
Hosting environment: Development
--------------------------------
2020-06-16 18:41:19,584| INFO  
Content root path: D:\软件\OkeyManage\OkeyManage
--------------------------------
2020-06-16 18:43:49,778| INFO  
Application started. Press Ctrl+C to shut down.
--------------------------------
2020-06-16 18:43:49,796| INFO  
Hosting environment: Development
--------------------------------
2020-06-16 18:43:49,800| INFO  
Content root path: D:\软件\OkeyManage\OkeyManage
--------------------------------
2020-06-16 18:44:59,146| INFO  
Application started. Press Ctrl+C to shut down.
--------------------------------
2020-06-16 18:44:59,163| INFO  
Hosting environment: Development
--------------------------------
2020-06-16 18:44:59,172| INFO  
Content root path: D:\软件\OkeyManage\OkeyManage
--------------------------------
2020-06-16 18:45:48,755| INFO  
Application started. Press Ctrl+C to shut down.
--------------------------------
2020-06-16 18:45:48,793| INFO  
Hosting environment: Development
--------------------------------
2020-06-16 18:45:48,795| INFO  
Content root path: D:\软件\OkeyManage\OkeyManage
--------------------------------
2020-06-16 18:49:34,985| INFO  
Application started. Press Ctrl+C to shut down.
--------------------------------
2020-06-16 18:49:35,002| INFO  
Hosting environment: Development
--------------------------------
2020-06-16 18:49:35,003| INFO  
Content root path: D:\软件\OkeyManage\OkeyManage
--------------------------------
