2020-06-20 14:55:15,551| INFO  
Application started. Press Ctrl+C to shut down.
--------------------------------
2020-06-20 14:55:15,583| INFO  
Hosting environment: Development
--------------------------------
2020-06-20 14:55:15,586| INFO  
Content root path: D:\软件\OkeyManage\OkeyManage
--------------------------------
2020-06-20 15:22:50,669| INFO  
Application started. Press Ctrl+C to shut down.
--------------------------------
2020-06-20 15:22:50,685| INFO  
Hosting environment: Development
--------------------------------
2020-06-20 15:22:50,697| INFO  
Content root path: D:\软件\OkeyManage\OkeyManage
--------------------------------
2020-06-20 15:25:58,529| INFO  
Application started. Press Ctrl+C to shut down.
--------------------------------
2020-06-20 15:25:58,550| INFO  
Hosting environment: Development
--------------------------------
2020-06-20 15:25:58,555| INFO  
Content root path: D:\软件\OkeyManage\OkeyManage
--------------------------------
2020-06-20 16:25:55,349| INFO  
Application started. Press Ctrl+C to shut down.
--------------------------------
2020-06-20 16:25:55,362| INFO  
Hosting environment: Development
--------------------------------
2020-06-20 16:25:55,366| INFO  
Content root path: D:\软件\OkeyManage\OkeyManage
--------------------------------
2020-06-20 16:27:58,703| INFO  
Application started. Press Ctrl+C to shut down.
--------------------------------
2020-06-20 16:27:58,761| INFO  
Hosting environment: Development
--------------------------------
2020-06-20 16:27:58,764| INFO  
Content root path: D:\软件\OkeyManage\OkeyManage
--------------------------------
2020-06-20 16:29:27,183| INFO  
Application started. Press Ctrl+C to shut down.
--------------------------------
2020-06-20 16:29:27,214| INFO  
Hosting environment: Development
--------------------------------
2020-06-20 16:29:27,216| INFO  
Content root path: D:\软件\OkeyManage\OkeyManage
--------------------------------
2020-06-20 16:32:19,689| INFO  
Application started. Press Ctrl+C to shut down.
--------------------------------
2020-06-20 16:32:19,705| INFO  
Hosting environment: Development
--------------------------------
2020-06-20 16:32:19,707| INFO  
Content root path: D:\软件\OkeyManage\OkeyManage
--------------------------------
2020-06-20 16:49:23,434| INFO  
Application started. Press Ctrl+C to shut down.
--------------------------------
2020-06-20 16:49:23,447| INFO  
Hosting environment: Development
--------------------------------
2020-06-20 16:49:23,448| INFO  
Content root path: D:\软件\OkeyManage\OkeyManage
--------------------------------
2020-06-20 16:50:19,870| INFO  
Application started. Press Ctrl+C to shut down.
--------------------------------
2020-06-20 16:50:19,894| INFO  
Hosting environment: Development
--------------------------------
2020-06-20 16:50:19,895| INFO  
Content root path: D:\软件\OkeyManage\OkeyManage
--------------------------------
2020-06-20 19:29:09,206| INFO  
Application started. Press Ctrl+C to shut down.
--------------------------------
2020-06-20 19:29:09,218| INFO  
Hosting environment: Development
--------------------------------
2020-06-20 19:29:09,220| INFO  
Content root path: D:\软件\OkeyManage\OkeyManage
--------------------------------
2020-06-20 19:32:45,875| INFO  
Application started. Press Ctrl+C to shut down.
--------------------------------
2020-06-20 19:32:45,888| INFO  
Hosting environment: Development
--------------------------------
2020-06-20 19:32:45,890| INFO  
Content root path: D:\软件\OkeyManage\OkeyManage
--------------------------------
2020-06-20 19:42:13,336| INFO  
Application started. Press Ctrl+C to shut down.
--------------------------------
2020-06-20 19:42:13,350| INFO  
Hosting environment: Development
--------------------------------
2020-06-20 19:42:13,351| INFO  
Content root path: D:\软件\OkeyManage\OkeyManage
--------------------------------
2020-06-20 19:45:16,966| INFO  
Application started. Press Ctrl+C to shut down.
--------------------------------
2020-06-20 19:45:16,979| INFO  
Hosting environment: Development
--------------------------------
2020-06-20 19:45:16,982| INFO  
Content root path: D:\软件\OkeyManage\OkeyManage
--------------------------------
2020-06-20 19:45:40,218| INFO  
Application started. Press Ctrl+C to shut down.
--------------------------------
2020-06-20 19:45:40,245| INFO  
Hosting environment: Development
--------------------------------
2020-06-20 19:45:40,247| INFO  
Content root path: D:\软件\OkeyManage\OkeyManage
--------------------------------
2020-06-20 19:48:10,350| INFO  
Application started. Press Ctrl+C to shut down.
--------------------------------
2020-06-20 19:48:10,362| INFO  
Hosting environment: Development
--------------------------------
2020-06-20 19:48:10,364| INFO  
Content root path: D:\软件\OkeyManage\OkeyManage
--------------------------------
2020-06-20 19:49:11,482| INFO  
Application started. Press Ctrl+C to shut down.
--------------------------------
2020-06-20 19:49:11,499| INFO  
Hosting environment: Development
--------------------------------
2020-06-20 19:49:11,501| INFO  
Content root path: D:\软件\OkeyManage\OkeyManage
--------------------------------
2020-06-20 20:28:50,099| INFO  
Application started. Press Ctrl+C to shut down.
--------------------------------
2020-06-20 20:28:50,110| INFO  
Hosting environment: Development
--------------------------------
2020-06-20 20:28:50,111| INFO  
Content root path: D:\软件\OkeyManage\OkeyManage
--------------------------------
2020-06-20 20:29:56,101| INFO  
Application started. Press Ctrl+C to shut down.
--------------------------------
2020-06-20 20:29:56,120| INFO  
Hosting environment: Development
--------------------------------
2020-06-20 20:29:56,122| INFO  
Content root path: D:\软件\OkeyManage\OkeyManage
--------------------------------
