2020-06-20 16:26:05,849| ERROR 
An unhandled exception has occurred while executing the request.
--------------------------------
System.InvalidOperationException: Failed to compare two elements in the array.
 ---> System.ArgumentException: At least one object must implement IComparable.
   at System.Collections.Comparer.Compare(Object a, Object b)
   at System.Collections.Generic.ObjectComparer`1.Compare(T x, T y)
   at System.Linq.EnumerableSorter`2.CompareAnyKeys(Int32 index1, Int32 index2)
   at System.Collections.Generic.ComparisonComparer`1.Compare(T x, T y)
   at System.Collections.Generic.ArraySortHelper`1.SwapIfGreater(T[] keys, Comparison`1 comparer, Int32 a, Int32 b)
   at System.Collections.Generic.ArraySortHelper`1.IntroSort(T[] keys, Int32 lo, Int32 hi, Int32 depthLimit, Comparison`1 comparer)
   at System.Collections.Generic.GenericArraySortHelper`1.Sort(T[] keys, Int32 index, Int32 length, IComparer`1 comparer)
   --- End of inner exception stack trace ---
   at System.Collections.Generic.GenericArraySortHelper`1.Sort(T[] keys, Int32 index, Int32 length, IComparer`1 comparer)
   at System.Array.Sort[T](T[] array, Int32 index, Int32 length, IComparer`1 comparer)
   at System.Linq.EnumerableSorter`2.QuickSort(Int32[] keys, Int32 lo, Int32 hi)
   at System.Linq.EnumerableSorter`1.Sort(TElement[] elements, Int32 count)
   at System.Linq.OrderedEnumerable`1.GetEnumerator()+MoveNext()
   at OkeyManage.Repository.sys.RoleRepository.GetRoleRightTreeList() in D:\软件\OkeyManage\OkeyManage.Repository\sys\RoleRepository.cs:line 164
   at OkeyManage.Areas.sys.Controllers.RoleController.GetRoleRightTreeList() in D:\软件\OkeyManage\OkeyManage\Areas\sys\Controllers\RoleController.cs:line 117
   at Microsoft.AspNetCore.Mvc.Infrastructure.ActionMethodExecutor.TaskOfIActionResultExecutor.Execute(IActionResultTypeMapper mapper, ObjectMethodExecutor executor, Object controller, Object[] arguments)
   at Microsoft.AspNetCore.Mvc.Infrastructure.ControllerActionInvoker.<InvokeActionMethodAsync>g__Logged|12_1(ControllerActionInvoker invoker)
   at Microsoft.AspNetCore.Mvc.Infrastructure.ControllerActionInvoker.<InvokeNextActionFilterAsync>g__Awaited|10_0(ControllerActionInvoker invoker, Task lastTask, State next, Scope scope, Object state, Boolean isCompleted)
   at Microsoft.AspNetCore.Mvc.Infrastructure.ControllerActionInvoker.Rethrow(ActionExecutedContextSealed context)
   at Microsoft.AspNetCore.Mvc.Infrastructure.ControllerActionInvoker.Next(State& next, Scope& scope, Object& state, Boolean& isCompleted)
   at Microsoft.AspNetCore.Mvc.Infrastructure.ControllerActionInvoker.<InvokeInnerFilterAsync>g__Awaited|13_0(ControllerActionInvoker invoker, Task lastTask, State next, Scope scope, Object state, Boolean isCompleted)
   at Microsoft.AspNetCore.Mvc.Infrastructure.ResourceInvoker.<InvokeNextResourceFilter>g__Awaited|24_0(ResourceInvoker invoker, Task lastTask, State next, Scope scope, Object state, Boolean isCompleted)
   at Microsoft.AspNetCore.Mvc.Infrastructure.ResourceInvoker.Rethrow(ResourceExecutedContextSealed context)
   at Microsoft.AspNetCore.Mvc.Infrastructure.ResourceInvoker.Next(State& next, Scope& scope, Object& state, Boolean& isCompleted)
   at Microsoft.AspNetCore.Mvc.Infrastructure.ResourceInvoker.<InvokeFilterPipelineAsync>g__Awaited|19_0(ResourceInvoker invoker, Task lastTask, State next, Scope scope, Object state, Boolean isCompleted)
   at Microsoft.AspNetCore.Mvc.Infrastructure.ResourceInvoker.<InvokeAsync>g__Logged|17_1(ResourceInvoker invoker)
   at Microsoft.AspNetCore.Routing.EndpointMiddleware.<Invoke>g__AwaitRequestTask|6_0(Endpoint endpoint, Task requestTask, ILogger logger)
   at Microsoft.AspNetCore.Authorization.AuthorizationMiddleware.Invoke(HttpContext context)
   at Microsoft.AspNetCore.Authentication.AuthenticationMiddleware.Invoke(HttpContext context)
   at Microsoft.AspNetCore.Diagnostics.DeveloperExceptionPageMiddleware.Invoke(HttpContext context)
2020-06-20 16:26:13,846| ERROR 
An unhandled exception has occurred while executing the request.
--------------------------------
System.InvalidOperationException: Failed to compare two elements in the array.
 ---> System.ArgumentException: At least one object must implement IComparable.
   at System.Collections.Comparer.Compare(Object a, Object b)
   at System.Collections.Generic.ObjectComparer`1.Compare(T x, T y)
   at System.Linq.EnumerableSorter`2.CompareAnyKeys(Int32 index1, Int32 index2)
   at System.Collections.Generic.ComparisonComparer`1.Compare(T x, T y)
   at System.Collections.Generic.ArraySortHelper`1.SwapIfGreater(T[] keys, Comparison`1 comparer, Int32 a, Int32 b)
   at System.Collections.Generic.ArraySortHelper`1.IntroSort(T[] keys, Int32 lo, Int32 hi, Int32 depthLimit, Comparison`1 comparer)
   at System.Collections.Generic.GenericArraySortHelper`1.Sort(T[] keys, Int32 index, Int32 length, IComparer`1 comparer)
   --- End of inner exception stack trace ---
   at System.Collections.Generic.GenericArraySortHelper`1.Sort(T[] keys, Int32 index, Int32 length, IComparer`1 comparer)
   at System.Array.Sort[T](T[] array, Int32 index, Int32 length, IComparer`1 comparer)
   at System.Linq.EnumerableSorter`2.QuickSort(Int32[] keys, Int32 lo, Int32 hi)
   at System.Linq.EnumerableSorter`1.Sort(TElement[] elements, Int32 count)
   at System.Linq.OrderedEnumerable`1.GetEnumerator()+MoveNext()
   at OkeyManage.Repository.sys.RoleRepository.GetRoleRightTreeList() in D:\软件\OkeyManage\OkeyManage.Repository\sys\RoleRepository.cs:line 164
   at OkeyManage.Areas.sys.Controllers.RoleController.GetRoleRightTreeList() in D:\软件\OkeyManage\OkeyManage\Areas\sys\Controllers\RoleController.cs:line 117
   at Microsoft.AspNetCore.Mvc.Infrastructure.ActionMethodExecutor.TaskOfIActionResultExecutor.Execute(IActionResultTypeMapper mapper, ObjectMethodExecutor executor, Object controller, Object[] arguments)
   at Microsoft.AspNetCore.Mvc.Infrastructure.ControllerActionInvoker.<InvokeActionMethodAsync>g__Logged|12_1(ControllerActionInvoker invoker)
   at Microsoft.AspNetCore.Mvc.Infrastructure.ControllerActionInvoker.<InvokeNextActionFilterAsync>g__Awaited|10_0(ControllerActionInvoker invoker, Task lastTask, State next, Scope scope, Object state, Boolean isCompleted)
   at Microsoft.AspNetCore.Mvc.Infrastructure.ControllerActionInvoker.Rethrow(ActionExecutedContextSealed context)
   at Microsoft.AspNetCore.Mvc.Infrastructure.ControllerActionInvoker.Next(State& next, Scope& scope, Object& state, Boolean& isCompleted)
   at Microsoft.AspNetCore.Mvc.Infrastructure.ControllerActionInvoker.<InvokeInnerFilterAsync>g__Awaited|13_0(ControllerActionInvoker invoker, Task lastTask, State next, Scope scope, Object state, Boolean isCompleted)
   at Microsoft.AspNetCore.Mvc.Infrastructure.ResourceInvoker.<InvokeNextResourceFilter>g__Awaited|24_0(ResourceInvoker invoker, Task lastTask, State next, Scope scope, Object state, Boolean isCompleted)
   at Microsoft.AspNetCore.Mvc.Infrastructure.ResourceInvoker.Rethrow(ResourceExecutedContextSealed context)
   at Microsoft.AspNetCore.Mvc.Infrastructure.ResourceInvoker.Next(State& next, Scope& scope, Object& state, Boolean& isCompleted)
   at Microsoft.AspNetCore.Mvc.Infrastructure.ResourceInvoker.<InvokeFilterPipelineAsync>g__Awaited|19_0(ResourceInvoker invoker, Task lastTask, State next, Scope scope, Object state, Boolean isCompleted)
   at Microsoft.AspNetCore.Mvc.Infrastructure.ResourceInvoker.<InvokeAsync>g__Logged|17_1(ResourceInvoker invoker)
   at Microsoft.AspNetCore.Routing.EndpointMiddleware.<Invoke>g__AwaitRequestTask|6_0(Endpoint endpoint, Task requestTask, ILogger logger)
   at Microsoft.AspNetCore.Authorization.AuthorizationMiddleware.Invoke(HttpContext context)
   at Microsoft.AspNetCore.Authentication.AuthenticationMiddleware.Invoke(HttpContext context)
   at Microsoft.AspNetCore.Diagnostics.DeveloperExceptionPageMiddleware.Invoke(HttpContext context)
2020-06-20 16:27:07,898| ERROR 
An unhandled exception has occurred while executing the request.
--------------------------------
System.InvalidOperationException: Failed to compare two elements in the array.
 ---> System.ArgumentException: At least one object must implement IComparable.
   at System.Collections.Comparer.Compare(Object a, Object b)
   at System.Collections.Generic.ObjectComparer`1.Compare(T x, T y)
   at System.Linq.EnumerableSorter`2.CompareAnyKeys(Int32 index1, Int32 index2)
   at System.Collections.Generic.ComparisonComparer`1.Compare(T x, T y)
   at System.Collections.Generic.ArraySortHelper`1.SwapIfGreater(T[] keys, Comparison`1 comparer, Int32 a, Int32 b)
   at System.Collections.Generic.ArraySortHelper`1.IntroSort(T[] keys, Int32 lo, Int32 hi, Int32 depthLimit, Comparison`1 comparer)
   at System.Collections.Generic.GenericArraySortHelper`1.Sort(T[] keys, Int32 index, Int32 length, IComparer`1 comparer)
   --- End of inner exception stack trace ---
   at System.Collections.Generic.GenericArraySortHelper`1.Sort(T[] keys, Int32 index, Int32 length, IComparer`1 comparer)
   at System.Array.Sort[T](T[] array, Int32 index, Int32 length, IComparer`1 comparer)
   at System.Linq.EnumerableSorter`2.QuickSort(Int32[] keys, Int32 lo, Int32 hi)
   at System.Linq.EnumerableSorter`1.Sort(TElement[] elements, Int32 count)
   at System.Linq.OrderedEnumerable`1.GetEnumerator()+MoveNext()
   at OkeyManage.Repository.sys.RoleRepository.GetRoleRightTreeList() in D:\软件\OkeyManage\OkeyManage.Repository\sys\RoleRepository.cs:line 164
   at OkeyManage.Areas.sys.Controllers.RoleController.GetRoleRightTreeList() in D:\软件\OkeyManage\OkeyManage\Areas\sys\Controllers\RoleController.cs:line 117
   at Microsoft.AspNetCore.Mvc.Infrastructure.ActionMethodExecutor.TaskOfIActionResultExecutor.Execute(IActionResultTypeMapper mapper, ObjectMethodExecutor executor, Object controller, Object[] arguments)
   at Microsoft.AspNetCore.Mvc.Infrastructure.ControllerActionInvoker.<InvokeActionMethodAsync>g__Logged|12_1(ControllerActionInvoker invoker)
   at Microsoft.AspNetCore.Mvc.Infrastructure.ControllerActionInvoker.<InvokeNextActionFilterAsync>g__Awaited|10_0(ControllerActionInvoker invoker, Task lastTask, State next, Scope scope, Object state, Boolean isCompleted)
   at Microsoft.AspNetCore.Mvc.Infrastructure.ControllerActionInvoker.Rethrow(ActionExecutedContextSealed context)
   at Microsoft.AspNetCore.Mvc.Infrastructure.ControllerActionInvoker.Next(State& next, Scope& scope, Object& state, Boolean& isCompleted)
   at Microsoft.AspNetCore.Mvc.Infrastructure.ControllerActionInvoker.<InvokeInnerFilterAsync>g__Awaited|13_0(ControllerActionInvoker invoker, Task lastTask, State next, Scope scope, Object state, Boolean isCompleted)
   at Microsoft.AspNetCore.Mvc.Infrastructure.ResourceInvoker.<InvokeNextResourceFilter>g__Awaited|24_0(ResourceInvoker invoker, Task lastTask, State next, Scope scope, Object state, Boolean isCompleted)
   at Microsoft.AspNetCore.Mvc.Infrastructure.ResourceInvoker.Rethrow(ResourceExecutedContextSealed context)
   at Microsoft.AspNetCore.Mvc.Infrastructure.ResourceInvoker.Next(State& next, Scope& scope, Object& state, Boolean& isCompleted)
   at Microsoft.AspNetCore.Mvc.Infrastructure.ResourceInvoker.<InvokeFilterPipelineAsync>g__Awaited|19_0(ResourceInvoker invoker, Task lastTask, State next, Scope scope, Object state, Boolean isCompleted)
   at Microsoft.AspNetCore.Mvc.Infrastructure.ResourceInvoker.<InvokeAsync>g__Logged|17_1(ResourceInvoker invoker)
   at Microsoft.AspNetCore.Routing.EndpointMiddleware.<Invoke>g__AwaitRequestTask|6_0(Endpoint endpoint, Task requestTask, ILogger logger)
   at Microsoft.AspNetCore.Authorization.AuthorizationMiddleware.Invoke(HttpContext context)
   at Microsoft.AspNetCore.Authentication.AuthenticationMiddleware.Invoke(HttpContext context)
   at Microsoft.AspNetCore.Diagnostics.DeveloperExceptionPageMiddleware.Invoke(HttpContext context)
2020-06-20 19:32:21,678| ERROR 
An unhandled exception has occurred while executing the request.
--------------------------------
Microsoft.AspNetCore.Routing.Matching.AmbiguousMatchException: The request matched multiple endpoints. Matches: 

OkeyManage.Areas.sys.Controllers.RoleController.RoleRight (OkeyManage)
OkeyManage.Areas.sys.Controllers.RoleController.RoleRight (OkeyManage)
   at Microsoft.AspNetCore.Routing.Matching.DefaultEndpointSelector.ReportAmbiguity(CandidateState[] candidateState)
   at Microsoft.AspNetCore.Routing.Matching.DefaultEndpointSelector.ProcessFinalCandidates(HttpContext httpContext, CandidateState[] candidateState)
   at Microsoft.AspNetCore.Routing.Matching.DefaultEndpointSelector.Select(HttpContext httpContext, CandidateState[] candidateState)
   at Microsoft.AspNetCore.Routing.Matching.DfaMatcher.MatchAsync(HttpContext httpContext)
   at Microsoft.AspNetCore.Routing.Matching.DataSourceDependentMatcher.MatchAsync(HttpContext httpContext)
   at Microsoft.AspNetCore.Routing.EndpointRoutingMiddleware.Invoke(HttpContext httpContext)
   at Microsoft.AspNetCore.StaticFiles.StaticFileMiddleware.Invoke(HttpContext context)
   at Microsoft.AspNetCore.Diagnostics.DeveloperExceptionPageMiddleware.Invoke(HttpContext context)
